# set -o pipefail && linear-to-nbest "ark:gunzip -c data/gop_572_data_nnet3/ali//ali.1.gz|" "ark:utils/sym2int.pl --map-oov 1 -f 2- data/lang_gop_400_ex_one_sil//words.txt < data/gop_572_data_nnet3//split4/1/text |" "" "" ark:- | lattice-align-words data/lang_gop_400_ex_one_sil//phones/word_boundary.int data/gop_572_data_nnet3/ali//final.mdl ark:- ark:- | nbest-to-ctm --frame-shift=0.01 --print-silence=false ark:- - | utils/int2sym.pl -f 5 data/lang_gop_400_ex_one_sil//words.txt | gzip -c > data/gop_572_data_nnet3/ali//ali/ctm.1.gz 
# Started at Mon Jun 26 00:51:17 IST 2023
#
linear-to-nbest 'ark:gunzip -c data/gop_572_data_nnet3/ali//ali.1.gz|' 'ark:utils/sym2int.pl --map-oov 1 -f 2- data/lang_gop_400_ex_one_sil//words.txt < data/gop_572_data_nnet3//split4/1/text |' '' '' ark:- 
nbest-to-ctm --frame-shift=0.01 --print-silence=false ark:- - 
sym2int.pl: replacing बिसफूल with 1
sym2int.pl: replacing लिज़ार्ड with 1
sym2int.pl: replacing लिज़ार्ड with 1
lattice-align-words data/lang_gop_400_ex_one_sil//phones/word_boundary.int data/gop_572_data_nnet3/ali//final.mdl ark:- ark:- 
sym2int.pl: replacing लिज़ार्ड with 1
sym2int.pl: replacing क्रेव with 1
sym2int.pl: replacing लिज़ार्ड with 1
sym2int.pl: replacing लुकीड with 1
sym2int.pl: replacing false with 1
sym2int.pl: replacing विन्ट with 1
sym2int.pl: replacing लुंक with 1
sym2int.pl: replacing lotus with 1
sym2int.pl: replacing वेन्डी with 1
sym2int.pl: replacing रम्स with 1
sym2int.pl: replacing IR with 1
sym2int.pl: replacing लेस्ट with 1
sym2int.pl: replacing IR with 1
sym2int.pl: replacing IR with 1
sym2int.pl: replacing IR with 1
sym2int.pl: replacing पाश with 1
sym2int.pl: replacing पॉस with 1
sym2int.pl: not warning for OOVs any more times
** Replaced 89 instances of OOVs with 1
LOG (linear-to-nbest[5.5.1058~1-dfd6c]:main():linear-to-nbest.cc:130) Done 144 n-best entries ,0 had errors.
LOG (lattice-align-words[5.5.1058~1-dfd6c]:main():lattice-align-words.cc:126) Successfully aligned 144 lattices; 0 had errors.
LOG (nbest-to-ctm[5.5.1058~1-dfd6c]:main():nbest-to-ctm.cc:119) Converted 144 linear lattices to ctm format; 0 had errors.
# Accounting: time=1 threads=1
# Ended (code 0) at Mon Jun 26 00:51:18 IST 2023, elapsed time 1 seconds
