# set -o pipefail && linear-to-nbest "ark:gunzip -c data/gop_examples_gt/alignments/ali.1.gz|" "ark:utils/sym2int.pl --map-oov 1 -f 2- /media/run/kaldi/egs/iitm_baseline/English_ASR_Challenge/asr/data/lang_free_phone_loop//words.txt < data/gop_examples_gt/split2/1/text |" "" "" ark:- | lattice-align-phones --replace-output-symbols=true data/gop_examples_gt/alignments/final.mdl ark:- ark:- | lattice-to-phone-lattice data/gop_examples_gt/alignments/final.mdl ark:- ark:- | lattice-1best ark:- ark:- | nbest-to-ctm --frame-shift=0.03 --print-silence=false ark:- - | utils/int2sym.pl -f 5 /media/run/kaldi/egs/iitm_baseline/English_ASR_Challenge/asr/data/lang_free_phone_loop//phones.txt | gzip -c > data/gop_examples_gt/alignments/ali/phone_ctm.1.gz 
# Started at Wed Feb 22 14:18:26 IST 2023
#
lattice-to-phone-lattice data/gop_examples_gt/alignments/final.mdl ark:- ark:- 
lattice-1best ark:- ark:- 
linear-to-nbest 'ark:gunzip -c data/gop_examples_gt/alignments/ali.1.gz|' 'ark:utils/sym2int.pl --map-oov 1 -f 2- /media/run/kaldi/egs/iitm_baseline/English_ASR_Challenge/asr/data/lang_free_phone_loop//words.txt < data/gop_examples_gt/split2/1/text |' '' '' ark:- 
nbest-to-ctm --frame-shift=0.03 --print-silence=false ark:- - 
lattice-align-phones --replace-output-symbols=true data/gop_examples_gt/alignments/final.mdl ark:- ark:- 
sym2int.pl: replacing ON with 1
sym2int.pl: replacing bears with 1
sym2int.pl: replacing are with 1
sym2int.pl: replacing found with 1
sym2int.pl: replacing in with 1
sym2int.pl: replacing europe with 1
sym2int.pl: replacing asia with 1
sym2int.pl: replacing africa with 1
sym2int.pl: replacing and with 1
sym2int.pl: replacing america with 1
sym2int.pl: replacing ON with 1
sym2int.pl: replacing they with 1
sym2int.pl: replacing have with 1
sym2int.pl: replacing big with 1
sym2int.pl: replacing bodies with 1
sym2int.pl: replacing with with 1
sym2int.pl: replacing short with 1
sym2int.pl: replacing tails with 1
sym2int.pl: replacing and with 1
sym2int.pl: replacing thick with 1
sym2int.pl: not warning for OOVs any more times
** Replaced 629 instances of OOVs with 1
LOG (linear-to-nbest[5.5.1058~1-dfd6c]:main():linear-to-nbest.cc:130) Done 7 n-best entries ,0 had errors.
LOG (lattice-align-phones[5.5.1058~1-dfd6c]:main():lattice-align-phones.cc:105) Successfully aligned 7 lattices; 0 had errors.
LOG (lattice-to-phone-lattice[5.5.1058~1-dfd6c]:main():lattice-to-phone-lattice.cc:94) Done converting 7 lattices.
LOG (lattice-1best[5.5.1058~1-dfd6c]:main():lattice-1best.cc:103) Done converting 7 to best path, 0 had errors.
LOG (nbest-to-ctm[5.5.1058~1-dfd6c]:main():nbest-to-ctm.cc:119) Converted 7 linear lattices to ctm format; 0 had errors.
# Accounting: time=0 threads=1
# Ended (code 0) at Wed Feb 22 14:18:26 IST 2023, elapsed time 0 seconds
