# set -o pipefail && linear-to-nbest "ark:gunzip -c data/gop_572_data_nnet3/alignments/ali.4.gz|" "ark:utils/sym2int.pl --map-oov 1 -f 2- data/lang_gop_400_ex_one_sil//words.txt < data/gop_572_data_nnet3//split4/4/text |" "" "" ark:- | lattice-align-words data/lang_gop_400_ex_one_sil//phones/word_boundary.int data/gop_572_data_nnet3/alignments/final.mdl ark:- ark:- | nbest-to-ctm --frame-shift=0.01 --print-silence=false ark:- - | utils/int2sym.pl -f 5 data/lang_gop_400_ex_one_sil//words.txt | gzip -c > data/gop_572_data_nnet3/alignments/ali/ctm.4.gz 
# Started at Sun Jun 25 18:58:13 IST 2023
#
lattice-align-words data/lang_gop_400_ex_one_sil//phones/word_boundary.int data/gop_572_data_nnet3/alignments/final.mdl ark:- ark:- 
linear-to-nbest 'ark:gunzip -c data/gop_572_data_nnet3/alignments/ali.4.gz|' 'ark:utils/sym2int.pl --map-oov 1 -f 2- data/lang_gop_400_ex_one_sil//words.txt < data/gop_572_data_nnet3//split4/4/text |' '' '' ark:- 
nbest-to-ctm --frame-shift=0.01 --print-silence=false ark:- - 
sym2int.pl: replacing शीपहर्ड with 1
sym2int.pl: replacing शीपहर्ड with 1
sym2int.pl: replacing शीपहर्ड with 1
sym2int.pl: replacing ओबरी with 1
sym2int.pl: replacing ननट्स with 1
sym2int.pl: replacing befores with 1
sym2int.pl: replacing पॉर with 1
sym2int.pl: replacing इनकॅट with 1
sym2int.pl: replacing हेगरी with 1
sym2int.pl: replacing लेक्ररल with 1
sym2int.pl: replacing क्ररल with 1
sym2int.pl: replacing क्यारीन with 1
sym2int.pl: replacing IR with 1
sym2int.pl: replacing IR with 1
sym2int.pl: replacing हाईबीटिंट with 1
sym2int.pl: replacing हायबरनेटिंग with 1
sym2int.pl: replacing ther with 1
sym2int.pl: replacing हिबर with 1
sym2int.pl: replacing हयबरनेशन with 1
sym2int.pl: replacing नेशनिंग with 1
sym2int.pl: not warning for OOVs any more times
** Replaced 104 instances of OOVs with 1
LOG (linear-to-nbest[5.5.1058~1-dfd6c]:main():linear-to-nbest.cc:130) Done 142 n-best entries ,0 had errors.
LOG (lattice-align-words[5.5.1058~1-dfd6c]:main():lattice-align-words.cc:126) Successfully aligned 142 lattices; 0 had errors.
LOG (nbest-to-ctm[5.5.1058~1-dfd6c]:main():nbest-to-ctm.cc:119) Converted 142 linear lattices to ctm format; 0 had errors.
# Accounting: time=0 threads=1
# Ended (code 0) at Sun Jun 25 18:58:13 IST 2023, elapsed time 0 seconds
