# ivector-extract-online2 --config=data/dec_gop_572_nnet3/alignments/ivectors/conf/ivector_extractor.conf ark:data/dec_gop_572_nnet3/split8/3/spk2utt scp:data/dec_gop_572_nnet3/split8/3/feats.scp ark:- | copy-feats --compress=true ark:- ark,scp:/media/run/kaldi/egs/gop_speechocean762/s5/data/dec_gop_572_nnet3/alignments/ivectors/ivector_online.3.ark,/media/run/kaldi/egs/gop_speechocean762/s5/data/dec_gop_572_nnet3/alignments/ivectors/ivector_online.3.scp 
# Started at Tue Jun 27 03:03:47 IST 2023
#
copy-feats --compress=true ark:- ark,scp:/media/run/kaldi/egs/gop_speechocean762/s5/data/dec_gop_572_nnet3/alignments/ivectors/ivector_online.3.ark,/media/run/kaldi/egs/gop_speechocean762/s5/data/dec_gop_572_nnet3/alignments/ivectors/ivector_online.3.scp 
ivector-extract-online2 --config=data/dec_gop_572_nnet3/alignments/ivectors/conf/ivector_extractor.conf ark:data/dec_gop_572_nnet3/split8/3/spk2utt scp:data/dec_gop_572_nnet3/split8/3/feats.scp ark:- 
LOG (ivector-extract-online2[5.5.1058~1-dfd6c]:ComputeDerivedVars():ivector-extractor.cc:183) Computing derived variables for iVector extractor
LOG (ivector-extract-online2[5.5.1058~1-dfd6c]:ComputeDerivedVars():ivector-extractor.cc:204) Done.
WARNING (ivector-extract-online2[5.5.1058~1-dfd6c]:LinearCgd():optimization.cc:549) Doing linear CGD in dimension 100, after 15 iterations the squared residual has got worse, 35.4716 > 33.8486.  Will do an exact optimization.
WARNING (ivector-extract-online2[5.5.1058~1-dfd6c]:LinearCgd():optimization.cc:549) Doing linear CGD in dimension 100, after 15 iterations the squared residual has got worse, 22.5612 > 20.7394.  Will do an exact optimization.
WARNING (ivector-extract-online2[5.5.1058~1-dfd6c]:LinearCgd():optimization.cc:549) Doing linear CGD in dimension 100, after 15 iterations the squared residual has got worse, 30.8903 > 25.0229.  Will do an exact optimization.
WARNING (ivector-extract-online2[5.5.1058~1-dfd6c]:LinearCgd():optimization.cc:549) Doing linear CGD in dimension 100, after 15 iterations the squared residual has got worse, 9.35103 > 7.55877.  Will do an exact optimization.
WARNING (ivector-extract-online2[5.5.1058~1-dfd6c]:LinearCgd():optimization.cc:549) Doing linear CGD in dimension 100, after 15 iterations the squared residual has got worse, 15.2223 > 4.79668.  Will do an exact optimization.
WARNING (ivector-extract-online2[5.5.1058~1-dfd6c]:LinearCgd():optimization.cc:549) Doing linear CGD in dimension 100, after 15 iterations the squared residual has got worse, 30.9303 > 25.2419.  Will do an exact optimization.
WARNING (ivector-extract-online2[5.5.1058~1-dfd6c]:LinearCgd():optimization.cc:549) Doing linear CGD in dimension 100, after 15 iterations the squared residual has got worse, 11.1413 > 9.76473.  Will do an exact optimization.
WARNING (ivector-extract-online2[5.5.1058~1-dfd6c]:LinearCgd():optimization.cc:549) Doing linear CGD in dimension 100, after 15 iterations the squared residual has got worse, 13.9203 > 11.4669.  Will do an exact optimization.
WARNING (ivector-extract-online2[5.5.1058~1-dfd6c]:LinearCgd():optimization.cc:549) Doing linear CGD in dimension 100, after 15 iterations the squared residual has got worse, 13.6722 > 13.2604.  Will do an exact optimization.
WARNING (ivector-extract-online2[5.5.1058~1-dfd6c]:LinearCgd():optimization.cc:549) Doing linear CGD in dimension 100, after 15 iterations the squared residual has got worse, 22.7145 > 19.8773.  Will do an exact optimization.
WARNING (ivector-extract-online2[5.5.1058~1-dfd6c]:LinearCgd():optimization.cc:549) Doing linear CGD in dimension 100, after 15 iterations the squared residual has got worse, 5.56894 > 4.1625.  Will do an exact optimization.
LOG (ivector-extract-online2[5.5.1058~1-dfd6c]:main():ivector-extract-online2.cc:189) Estimated iVectors for 72 files, 0 with errors.
LOG (ivector-extract-online2[5.5.1058~1-dfd6c]:main():ivector-extract-online2.cc:191) Average objective-function improvement was 38.5148 per frame, over 291756 frames (weighted).
LOG (ivector-extract-online2[5.5.1058~1-dfd6c]:main():ivector-extract-online2.cc:194) Average iVector length was 8.97177 and at utterance-end was 9.86082, over 291756 frames (weighted);  expected length is 10
LOG (copy-feats[5.5.1058~1-dfd6c]:main():copy-feats.cc:143) Copied 72 feature matrices.
# Accounting: time=6 threads=1
# Ended (code 0) at Tue Jun 27 03:03:53 IST 2023, elapsed time 6 seconds
