# ivector-extract-online2 --config=data/dec_gop_572_nnet3/alignments/ivectors/conf/ivector_extractor.conf ark:data/dec_gop_572_nnet3/split8/4/spk2utt scp:data/dec_gop_572_nnet3/split8/4/feats.scp ark:- | copy-feats --compress=true ark:- ark,scp:/media/run/kaldi/egs/gop_speechocean762/s5/data/dec_gop_572_nnet3/alignments/ivectors/ivector_online.4.ark,/media/run/kaldi/egs/gop_speechocean762/s5/data/dec_gop_572_nnet3/alignments/ivectors/ivector_online.4.scp 
# Started at Tue Jun 27 03:03:47 IST 2023
#
copy-feats --compress=true ark:- ark,scp:/media/run/kaldi/egs/gop_speechocean762/s5/data/dec_gop_572_nnet3/alignments/ivectors/ivector_online.4.ark,/media/run/kaldi/egs/gop_speechocean762/s5/data/dec_gop_572_nnet3/alignments/ivectors/ivector_online.4.scp 
ivector-extract-online2 --config=data/dec_gop_572_nnet3/alignments/ivectors/conf/ivector_extractor.conf ark:data/dec_gop_572_nnet3/split8/4/spk2utt scp:data/dec_gop_572_nnet3/split8/4/feats.scp ark:- 
LOG (ivector-extract-online2[5.5.1058~1-dfd6c]:ComputeDerivedVars():ivector-extractor.cc:183) Computing derived variables for iVector extractor
LOG (ivector-extract-online2[5.5.1058~1-dfd6c]:ComputeDerivedVars():ivector-extractor.cc:204) Done.
WARNING (ivector-extract-online2[5.5.1058~1-dfd6c]:LinearCgd():optimization.cc:549) Doing linear CGD in dimension 100, after 15 iterations the squared residual has got worse, 10.5262 > 7.18537.  Will do an exact optimization.
WARNING (ivector-extract-online2[5.5.1058~1-dfd6c]:LinearCgd():optimization.cc:549) Doing linear CGD in dimension 100, after 15 iterations the squared residual has got worse, 20.8404 > 14.2064.  Will do an exact optimization.
WARNING (ivector-extract-online2[5.5.1058~1-dfd6c]:LinearCgd():optimization.cc:549) Doing linear CGD in dimension 100, after 15 iterations the squared residual has got worse, 37.4318 > 17.1332.  Will do an exact optimization.
WARNING (ivector-extract-online2[5.5.1058~1-dfd6c]:LinearCgd():optimization.cc:549) Doing linear CGD in dimension 100, after 15 iterations the squared residual has got worse, 13.8875 > 12.939.  Will do an exact optimization.
WARNING (ivector-extract-online2[5.5.1058~1-dfd6c]:LinearCgd():optimization.cc:549) Doing linear CGD in dimension 100, after 15 iterations the squared residual has got worse, 36.0178 > 31.4576.  Will do an exact optimization.
WARNING (ivector-extract-online2[5.5.1058~1-dfd6c]:LinearCgd():optimization.cc:549) Doing linear CGD in dimension 100, after 15 iterations the squared residual has got worse, 10.2127 > 7.65327.  Will do an exact optimization.
WARNING (ivector-extract-online2[5.5.1058~1-dfd6c]:LinearCgd():optimization.cc:549) Doing linear CGD in dimension 100, after 15 iterations the squared residual has got worse, 19.0222 > 17.7184.  Will do an exact optimization.
WARNING (ivector-extract-online2[5.5.1058~1-dfd6c]:LinearCgd():optimization.cc:549) Doing linear CGD in dimension 100, after 15 iterations the squared residual has got worse, 10.3146 > 8.89862.  Will do an exact optimization.
LOG (ivector-extract-online2[5.5.1058~1-dfd6c]:main():ivector-extract-online2.cc:189) Estimated iVectors for 71 files, 0 with errors.
LOG (ivector-extract-online2[5.5.1058~1-dfd6c]:main():ivector-extract-online2.cc:191) Average objective-function improvement was 34.9871 per frame, over 270368 frames (weighted).
LOG (ivector-extract-online2[5.5.1058~1-dfd6c]:main():ivector-extract-online2.cc:194) Average iVector length was 8.88542 and at utterance-end was 9.71837, over 270368 frames (weighted);  expected length is 10
LOG (copy-feats[5.5.1058~1-dfd6c]:main():copy-feats.cc:143) Copied 71 feature matrices.
# Accounting: time=5 threads=1
# Ended (code 0) at Tue Jun 27 03:03:52 IST 2023, elapsed time 5 seconds
