# ivector-extract-online2 --config=data/dec_gop_572_nnet3/alignments/ivectors/conf/ivector_extractor.conf ark:data/dec_gop_572_nnet3/split8/1/spk2utt scp:data/dec_gop_572_nnet3/split8/1/feats.scp ark:- | copy-feats --compress=true ark:- ark,scp:/media/run/kaldi/egs/gop_speechocean762/s5/data/dec_gop_572_nnet3/alignments/ivectors/ivector_online.1.ark,/media/run/kaldi/egs/gop_speechocean762/s5/data/dec_gop_572_nnet3/alignments/ivectors/ivector_online.1.scp 
# Started at Tue Jun 27 03:03:47 IST 2023
#
copy-feats --compress=true ark:- ark,scp:/media/run/kaldi/egs/gop_speechocean762/s5/data/dec_gop_572_nnet3/alignments/ivectors/ivector_online.1.ark,/media/run/kaldi/egs/gop_speechocean762/s5/data/dec_gop_572_nnet3/alignments/ivectors/ivector_online.1.scp 
ivector-extract-online2 --config=data/dec_gop_572_nnet3/alignments/ivectors/conf/ivector_extractor.conf ark:data/dec_gop_572_nnet3/split8/1/spk2utt scp:data/dec_gop_572_nnet3/split8/1/feats.scp ark:- 
LOG (ivector-extract-online2[5.5.1058~1-dfd6c]:ComputeDerivedVars():ivector-extractor.cc:183) Computing derived variables for iVector extractor
LOG (ivector-extract-online2[5.5.1058~1-dfd6c]:ComputeDerivedVars():ivector-extractor.cc:204) Done.
WARNING (ivector-extract-online2[5.5.1058~1-dfd6c]:LinearCgd():optimization.cc:549) Doing linear CGD in dimension 100, after 15 iterations the squared residual has got worse, 16.5647 > 11.7787.  Will do an exact optimization.
WARNING (ivector-extract-online2[5.5.1058~1-dfd6c]:LinearCgd():optimization.cc:549) Doing linear CGD in dimension 100, after 15 iterations the squared residual has got worse, 25.785 > 18.1089.  Will do an exact optimization.
WARNING (ivector-extract-online2[5.5.1058~1-dfd6c]:LinearCgd():optimization.cc:549) Doing linear CGD in dimension 100, after 15 iterations the squared residual has got worse, 10.5308 > 9.93413.  Will do an exact optimization.
WARNING (ivector-extract-online2[5.5.1058~1-dfd6c]:LinearCgd():optimization.cc:549) Doing linear CGD in dimension 100, after 15 iterations the squared residual has got worse, 7.70033 > 7.00488.  Will do an exact optimization.
WARNING (ivector-extract-online2[5.5.1058~1-dfd6c]:LinearCgd():optimization.cc:549) Doing linear CGD in dimension 100, after 15 iterations the squared residual has got worse, 11.4344 > 9.54547.  Will do an exact optimization.
WARNING (ivector-extract-online2[5.5.1058~1-dfd6c]:LinearCgd():optimization.cc:549) Doing linear CGD in dimension 100, after 15 iterations the squared residual has got worse, 13.5987 > 10.6935.  Will do an exact optimization.
WARNING (ivector-extract-online2[5.5.1058~1-dfd6c]:LinearCgd():optimization.cc:549) Doing linear CGD in dimension 100, after 15 iterations the squared residual has got worse, 9.32715 > 7.57549.  Will do an exact optimization.
WARNING (ivector-extract-online2[5.5.1058~1-dfd6c]:LinearCgd():optimization.cc:549) Doing linear CGD in dimension 100, after 15 iterations the squared residual has got worse, 11.6843 > 6.14326.  Will do an exact optimization.
LOG (ivector-extract-online2[5.5.1058~1-dfd6c]:main():ivector-extract-online2.cc:189) Estimated iVectors for 73 files, 0 with errors.
LOG (ivector-extract-online2[5.5.1058~1-dfd6c]:main():ivector-extract-online2.cc:191) Average objective-function improvement was 44.4825 per frame, over 283934 frames (weighted).
LOG (ivector-extract-online2[5.5.1058~1-dfd6c]:main():ivector-extract-online2.cc:194) Average iVector length was 9.19654 and at utterance-end was 10.1117, over 283934 frames (weighted);  expected length is 10
LOG (copy-feats[5.5.1058~1-dfd6c]:main():copy-feats.cc:143) Copied 73 feature matrices.
# Accounting: time=6 threads=1
# Ended (code 0) at Tue Jun 27 03:03:53 IST 2023, elapsed time 6 seconds
