# ivector-extract-online2 --config=data/dec_gop_572_nnet3/alignments/ivectors/conf/ivector_extractor.conf ark:data/dec_gop_572_nnet3/split8/2/spk2utt scp:data/dec_gop_572_nnet3/split8/2/feats.scp ark:- | copy-feats --compress=true ark:- ark,scp:/media/run/kaldi/egs/gop_speechocean762/s5/data/dec_gop_572_nnet3/alignments/ivectors/ivector_online.2.ark,/media/run/kaldi/egs/gop_speechocean762/s5/data/dec_gop_572_nnet3/alignments/ivectors/ivector_online.2.scp 
# Started at Tue Jun 27 03:03:47 IST 2023
#
copy-feats --compress=true ark:- ark,scp:/media/run/kaldi/egs/gop_speechocean762/s5/data/dec_gop_572_nnet3/alignments/ivectors/ivector_online.2.ark,/media/run/kaldi/egs/gop_speechocean762/s5/data/dec_gop_572_nnet3/alignments/ivectors/ivector_online.2.scp 
ivector-extract-online2 --config=data/dec_gop_572_nnet3/alignments/ivectors/conf/ivector_extractor.conf ark:data/dec_gop_572_nnet3/split8/2/spk2utt scp:data/dec_gop_572_nnet3/split8/2/feats.scp ark:- 
LOG (ivector-extract-online2[5.5.1058~1-dfd6c]:ComputeDerivedVars():ivector-extractor.cc:183) Computing derived variables for iVector extractor
LOG (ivector-extract-online2[5.5.1058~1-dfd6c]:ComputeDerivedVars():ivector-extractor.cc:204) Done.
WARNING (ivector-extract-online2[5.5.1058~1-dfd6c]:LinearCgd():optimization.cc:549) Doing linear CGD in dimension 100, after 15 iterations the squared residual has got worse, 8.10427 > 7.82273.  Will do an exact optimization.
WARNING (ivector-extract-online2[5.5.1058~1-dfd6c]:LinearCgd():optimization.cc:549) Doing linear CGD in dimension 100, after 15 iterations the squared residual has got worse, 8.77941 > 8.30102.  Will do an exact optimization.
WARNING (ivector-extract-online2[5.5.1058~1-dfd6c]:LinearCgd():optimization.cc:549) Doing linear CGD in dimension 100, after 15 iterations the squared residual has got worse, 9.68977 > 7.74896.  Will do an exact optimization.
WARNING (ivector-extract-online2[5.5.1058~1-dfd6c]:LinearCgd():optimization.cc:549) Doing linear CGD in dimension 100, after 15 iterations the squared residual has got worse, 13.7355 > 8.14597.  Will do an exact optimization.
WARNING (ivector-extract-online2[5.5.1058~1-dfd6c]:LinearCgd():optimization.cc:549) Doing linear CGD in dimension 100, after 15 iterations the squared residual has got worse, 14.464 > 4.60157.  Will do an exact optimization.
WARNING (ivector-extract-online2[5.5.1058~1-dfd6c]:LinearCgd():optimization.cc:549) Doing linear CGD in dimension 100, after 15 iterations the squared residual has got worse, 8.42368 > 3.54844.  Will do an exact optimization.
WARNING (ivector-extract-online2[5.5.1058~1-dfd6c]:LinearCgd():optimization.cc:549) Doing linear CGD in dimension 100, after 15 iterations the squared residual has got worse, 14.3241 > 13.9019.  Will do an exact optimization.
WARNING (ivector-extract-online2[5.5.1058~1-dfd6c]:LinearCgd():optimization.cc:549) Doing linear CGD in dimension 100, after 15 iterations the squared residual has got worse, 18.4398 > 11.6704.  Will do an exact optimization.
WARNING (ivector-extract-online2[5.5.1058~1-dfd6c]:LinearCgd():optimization.cc:549) Doing linear CGD in dimension 100, after 15 iterations the squared residual has got worse, 22.4097 > 21.4707.  Will do an exact optimization.
WARNING (ivector-extract-online2[5.5.1058~1-dfd6c]:LinearCgd():optimization.cc:549) Doing linear CGD in dimension 100, after 15 iterations the squared residual has got worse, 14.1379 > 6.90201.  Will do an exact optimization.
WARNING (ivector-extract-online2[5.5.1058~1-dfd6c]:LinearCgd():optimization.cc:549) Doing linear CGD in dimension 100, after 15 iterations the squared residual has got worse, 66.321 > 18.4688.  Will do an exact optimization.
LOG (ivector-extract-online2[5.5.1058~1-dfd6c]:main():ivector-extract-online2.cc:189) Estimated iVectors for 73 files, 0 with errors.
LOG (ivector-extract-online2[5.5.1058~1-dfd6c]:main():ivector-extract-online2.cc:191) Average objective-function improvement was 35.066 per frame, over 286014 frames (weighted).
LOG (ivector-extract-online2[5.5.1058~1-dfd6c]:main():ivector-extract-online2.cc:194) Average iVector length was 9.04989 and at utterance-end was 9.95291, over 286014 frames (weighted);  expected length is 10
LOG (copy-feats[5.5.1058~1-dfd6c]:main():copy-feats.cc:143) Copied 73 feature matrices.
# Accounting: time=6 threads=1
# Ended (code 0) at Tue Jun 27 03:03:53 IST 2023, elapsed time 6 seconds
