# compute-mfcc-feats --write-utt2dur=ark,t:data/gop_400_examples//log/utt2dur.3 --verbose=2 --config=conf/mfcc_hires.conf scp,p:data/gop_400_examples//log/wav_gop_400_examples.3.scp ark:- | copy-feats --write-num-frames=ark,t:data/gop_400_examples//log/utt2num_frames.3 --compress=true ark:- ark,scp:/media/run/kaldi/egs/gop_speechocean762/s5/data/gop_400_examples//data/raw_mfcc_gop_400_examples.3.ark,/media/run/kaldi/egs/gop_speechocean762/s5/data/gop_400_examples//data/raw_mfcc_gop_400_examples.3.scp 
# Started at Wed Mar  1 04:17:27 IST 2023
#
copy-feats --write-num-frames=ark,t:data/gop_400_examples//log/utt2num_frames.3 --compress=true ark:- ark,scp:/media/run/kaldi/egs/gop_speechocean762/s5/data/gop_400_examples//data/raw_mfcc_gop_400_examples.3.ark,/media/run/kaldi/egs/gop_speechocean762/s5/data/gop_400_examples//data/raw_mfcc_gop_400_examples.3.scp 
compute-mfcc-feats --write-utt2dur=ark,t:data/gop_400_examples//log/utt2dur.3 --verbose=2 --config=conf/mfcc_hires.conf scp,p:data/gop_400_examples//log/wav_gop_400_examples.3.scp ark:- 
VLOG[2] (compute-mfcc-feats[5.5.1058~1-dfd6c]:main():compute-mfcc-feats.cc:182) Processed features for key na_5-a-1500_na_5-a-15_kv_bhandupshift1_01092022-000000-1_EN-OL-RC-538_2
VLOG[2] (compute-mfcc-feats[5.5.1058~1-dfd6c]:main():compute-mfcc-feats.cc:182) Processed features for key na_5-c-1100_na_5-c-11_kv_bhandupshift1_01092022-000000-1_EN-OL-RC-538_1
VLOG[2] (compute-mfcc-feats[5.5.1058~1-dfd6c]:main():compute-mfcc-feats.cc:182) Processed features for key nd_5-a-3700_nd_5-a-37_kv_bhandupshift1_01092022-000000-1_EN-OL-RC-538_1
VLOG[2] (compute-mfcc-feats[5.5.1058~1-dfd6c]:main():compute-mfcc-feats.cc:182) Processed features for key nd_5-a-3700_nd_5-a-37_kv_bhandupshift1_01092022-000000-1_EN-OL-RC-538_2
VLOG[2] (compute-mfcc-feats[5.5.1058~1-dfd6c]:main():compute-mfcc-feats.cc:182) Processed features for key nk_3-d-2000_nk_3-d-20_kv_iitpowai_01092022-000000-1_EN-OL-RC-234_1
VLOG[2] (compute-mfcc-feats[5.5.1058~1-dfd6c]:main():compute-mfcc-feats.cc:182) Processed features for key nk_4-a-3900_nk_4-a-39_kv_iitpowai_01092022-000000-1_EN-OL-RC-426_2
VLOG[2] (compute-mfcc-feats[5.5.1058~1-dfd6c]:main():compute-mfcc-feats.cc:182) Processed features for key nm_5-a-900_nm_5-a-9_kv_aurangabadshift1_01092022-000000-1_EN-OL-RC-538_1
VLOG[2] (compute-mfcc-feats[5.5.1058~1-dfd6c]:main():compute-mfcc-feats.cc:182) Processed features for key nn_4-a-2700_nn_4-a-27_kv_insmandovi_01092022-000000-1_EN-OL-RC-426_1
VLOG[2] (compute-mfcc-feats[5.5.1058~1-dfd6c]:main():compute-mfcc-feats.cc:182) Processed features for key nn_4-b-1900_nn_4-b-19_kv_aurangabadshift2_01092022-000000-1_EN-OL-RC-426_1
LOG (compute-mfcc-feats[5.5.1058~1-dfd6c]:main():compute-mfcc-feats.cc:181) Processed 10 utterances
VLOG[2] (compute-mfcc-feats[5.5.1058~1-dfd6c]:main():compute-mfcc-feats.cc:182) Processed features for key ns_4-b-1300_ns_4-b-13_kv_bhandupshift1_01092022-000000-1_EN-OL-RC-426_2
VLOG[2] (compute-mfcc-feats[5.5.1058~1-dfd6c]:main():compute-mfcc-feats.cc:182) Processed features for key om_5-d-1200_om_5-d-12_kv_bhandupshift1_01092022-000000-1_EN-OL-RC-538_1
VLOG[2] (compute-mfcc-feats[5.5.1058~1-dfd6c]:main():compute-mfcc-feats.cc:182) Processed features for key om_5-d-1200_om_5-d-12_kv_bhandupshift1_01092022-000000-1_EN-OL-RC-538_2
VLOG[2] (compute-mfcc-feats[5.5.1058~1-dfd6c]:main():compute-mfcc-feats.cc:182) Processed features for key pa_3-a-3400_pa_3-a-34_kv_bhandupshift1_01092022-000000-1_EN-OL-RC-234_1
VLOG[2] (compute-mfcc-feats[5.5.1058~1-dfd6c]:main():compute-mfcc-feats.cc:182) Processed features for key pa_3-a-3400_pa_3-a-34_kv_bhandupshift1_01092022-000000-1_EN-OL-RC-234_2
VLOG[2] (compute-mfcc-feats[5.5.1058~1-dfd6c]:main():compute-mfcc-feats.cc:182) Processed features for key pa_3-a-3800_pa_3-a-38_kv_dhule_01092022-000000-1_EN-OL-RC-234_1
VLOG[2] (compute-mfcc-feats[5.5.1058~1-dfd6c]:main():compute-mfcc-feats.cc:182) Processed features for key pb_3-d-1500_pb_3-d-15_kv_iitpowai_01092022-000000-1_EN-OL-RC-234_2
VLOG[2] (compute-mfcc-feats[5.5.1058~1-dfd6c]:main():compute-mfcc-feats.cc:182) Processed features for key pb_4-a-1400_pb_4-a-14_kv_iitpowai_01092022-000000-1_EN-OL-RC-426_1
VLOG[2] (compute-mfcc-feats[5.5.1058~1-dfd6c]:main():compute-mfcc-feats.cc:182) Processed features for key pb_5-a-2200_pb_5-a-22_kv_solapur_01092022-000000-1_EN-OL-RC-538_1
VLOG[2] (compute-mfcc-feats[5.5.1058~1-dfd6c]:main():compute-mfcc-feats.cc:182) Processed features for key pb_5-a-2400_pb_5-a-24_kv_solapur_01092022-000000-1_EN-OL-RC-538_1
LOG (compute-mfcc-feats[5.5.1058~1-dfd6c]:main():compute-mfcc-feats.cc:181) Processed 20 utterances
VLOG[2] (compute-mfcc-feats[5.5.1058~1-dfd6c]:main():compute-mfcc-feats.cc:182) Processed features for key pb_5-a-5000_pb_5-a-50_kv_bhandupshift1_01092022-000000-1_EN-OL-RC-538_2
VLOG[2] (compute-mfcc-feats[5.5.1058~1-dfd6c]:main():compute-mfcc-feats.cc:182) Processed features for key pc_4-b-3400_pc_4-b-34_kv_iitpowai_01092022-000000-1_EN-OL-RC-426_1
VLOG[2] (compute-mfcc-feats[5.5.1058~1-dfd6c]:main():compute-mfcc-feats.cc:182) Processed features for key pg_4-d-1600_pg_4-d-16_kv_bhandupshift1_01092022-000000-1_EN-OL-RC-426_1
VLOG[2] (compute-mfcc-feats[5.5.1058~1-dfd6c]:main():compute-mfcc-feats.cc:182) Processed features for key pk_4-b-4000_pk_4-b-40_kv_solapur_01092022-000000-1_EN-OL-RC-426_1
VLOG[2] (compute-mfcc-feats[5.5.1058~1-dfd6c]:main():compute-mfcc-feats.cc:182) Processed features for key pk_5-b-3500_pk_5-b-35_kv_aurangabadshift1_01092022-000000-1_EN-OL-RC-538_1
VLOG[2] (compute-mfcc-feats[5.5.1058~1-dfd6c]:main():compute-mfcc-feats.cc:182) Processed features for key pk_5-b-3500_pk_5-b-35_kv_aurangabadshift1_01092022-000000-1_EN-OL-RC-538_2
VLOG[2] (compute-mfcc-feats[5.5.1058~1-dfd6c]:main():compute-mfcc-feats.cc:182) Processed features for key pl_5-a-3000_pl_5-a-30_kv_aurangabadshift1_01092022-000000-1_EN-OL-RC-538_1
VLOG[2] (compute-mfcc-feats[5.5.1058~1-dfd6c]:main():compute-mfcc-feats.cc:182) Processed features for key pl_5-a-3000_pl_5-a-30_kv_aurangabadshift1_01092022-000000-1_EN-OL-RC-538_2
VLOG[2] (compute-mfcc-feats[5.5.1058~1-dfd6c]:main():compute-mfcc-feats.cc:182) Processed features for key pm_3-a-1000_pm_3-a-10_kv_bhandupshift1_01092022-000000-1_EN-OL-RC-234_2
VLOG[2] (compute-mfcc-feats[5.5.1058~1-dfd6c]:main():compute-mfcc-feats.cc:182) Processed features for key pm_3-a-3500_pm_3-a-35_kv_bhandupshift1_01092022-000000-1_EN-OL-RC-234_2
LOG (compute-mfcc-feats[5.5.1058~1-dfd6c]:main():compute-mfcc-feats.cc:181) Processed 30 utterances
VLOG[2] (compute-mfcc-feats[5.5.1058~1-dfd6c]:main():compute-mfcc-feats.cc:182) Processed features for key pm_3-a-3700_pm_3-a-37_kv_dhule_01092022-000000-1_EN-OL-RC-234_1
VLOG[2] (compute-mfcc-feats[5.5.1058~1-dfd6c]:main():compute-mfcc-feats.cc:182) Processed features for key pm_4-a-3800_pm_4-a-38_kv_bhandupshift1_01092022-000000-1_EN-OL-RC-426_1
VLOG[2] (compute-mfcc-feats[5.5.1058~1-dfd6c]:main():compute-mfcc-feats.cc:182) Processed features for key pm_4-b-2300_pm_4-b-23_kv_aurangabadshift2_01092022-000000-1_EN-OL-RC-426_1
VLOG[2] (compute-mfcc-feats[5.5.1058~1-dfd6c]:main():compute-mfcc-feats.cc:182) Processed features for key pm_5-a-3800_pm_5-a-38_kv_bhandupshift1_01092022-000000-1_EN-OL-RC-538_1
VLOG[2] (compute-mfcc-feats[5.5.1058~1-dfd6c]:main():compute-mfcc-feats.cc:182) Processed features for key pm_5-a-3800_pm_5-a-38_kv_bhandupshift1_01092022-000000-1_EN-OL-RC-538_2
VLOG[2] (compute-mfcc-feats[5.5.1058~1-dfd6c]:main():compute-mfcc-feats.cc:182) Processed features for key pn_5-d-4500_pn_5-d-45_kv_iitpowai_01092022-000000-1_EN-OL-RC-538_1
VLOG[2] (compute-mfcc-feats[5.5.1058~1-dfd6c]:main():compute-mfcc-feats.cc:182) Processed features for key pn_5-d-4500_pn_5-d-45_kv_iitpowai_01092022-000000-1_EN-OL-RC-538_2
VLOG[2] (compute-mfcc-feats[5.5.1058~1-dfd6c]:main():compute-mfcc-feats.cc:182) Processed features for key pp_3-d-4800_pp_3-d-48_kv_iitpowai_01092022-000000-2_EN-OL-RC-234_1
VLOG[2] (compute-mfcc-feats[5.5.1058~1-dfd6c]:main():compute-mfcc-feats.cc:182) Processed features for key pp_5-a-2500_pp_5-a-25_kv_insmandovi_01092022-000000-1_EN-OL-RC-538_1
VLOG[2] (compute-mfcc-feats[5.5.1058~1-dfd6c]:main():compute-mfcc-feats.cc:182) Processed features for key pp_5-b-800_pp_5-b-8_kv_aurangabadshift2_01092022-000000-1_EN-OL-RC-538_1
LOG (compute-mfcc-feats[5.5.1058~1-dfd6c]:main():compute-mfcc-feats.cc:181) Processed 40 utterances
VLOG[2] (compute-mfcc-feats[5.5.1058~1-dfd6c]:main():compute-mfcc-feats.cc:182) Processed features for key pr_5-a-1500_pr_5-a-15_kv_aurangabadshift2_01092022-000000-1_EN-OL-RC-538_1
VLOG[2] (compute-mfcc-feats[5.5.1058~1-dfd6c]:main():compute-mfcc-feats.cc:182) Processed features for key ps_3-a-4200_ps_3-a-42_kv_iitpowai_01092022-000000-1_EN-OL-RC-234_2
VLOG[2] (compute-mfcc-feats[5.5.1058~1-dfd6c]:main():compute-mfcc-feats.cc:182) Processed features for key ps_3-b-1600_ps_3-b-16_kv_iitpowai_01092022-000000-1_EN-OL-RC-234_2
VLOG[2] (compute-mfcc-feats[5.5.1058~1-dfd6c]:main():compute-mfcc-feats.cc:182) Processed features for key ps_3-b-4100_ps_3-b-41_kv_aurangabadshift1_01092022-000000-1_EN-OL-RC-234_1
VLOG[2] (compute-mfcc-feats[5.5.1058~1-dfd6c]:main():compute-mfcc-feats.cc:182) Processed features for key ps_5-b-2400_ps_5-b-24_kv_iitpowai_01092022-000000-1_EN-OL-RC-538_1
VLOG[2] (compute-mfcc-feats[5.5.1058~1-dfd6c]:main():compute-mfcc-feats.cc:182) Processed features for key pu_5-c-3600_pu_5-c-36_kv_iitpowai_01092022-000000-1_EN-OL-RC-538_1
VLOG[2] (compute-mfcc-feats[5.5.1058~1-dfd6c]:main():compute-mfcc-feats.cc:182) Processed features for key pw_5-a-2300_pw_5-a-23_kv_solapur_01092022-000000-1_EN-OL-RC-538_1
VLOG[2] (compute-mfcc-feats[5.5.1058~1-dfd6c]:main():compute-mfcc-feats.cc:182) Processed features for key px_5-a-800_px_5-a-8_kv_bhandupshift1_01092022-000000-1_EN-OL-RC-538_1
VLOG[2] (compute-mfcc-feats[5.5.1058~1-dfd6c]:main():compute-mfcc-feats.cc:182) Processed features for key px_5-a-800_px_5-a-8_kv_bhandupshift1_01092022-000000-1_EN-OL-RC-538_2
VLOG[2] (compute-mfcc-feats[5.5.1058~1-dfd6c]:main():compute-mfcc-feats.cc:182) Processed features for key py_3-a-1100_py_3-a-11_kv_bhandupshift1_01092022-000000-1_EN-OL-RC-234_2
LOG (compute-mfcc-feats[5.5.1058~1-dfd6c]:main():compute-mfcc-feats.cc:181) Processed 50 utterances
VLOG[2] (compute-mfcc-feats[5.5.1058~1-dfd6c]:main():compute-mfcc-feats.cc:182) Processed features for key rb_4-a-3300_rb_4-a-33_kv_aurangabadshift1_01092022-000000-1_EN-OL-RC-426_1
VLOG[2] (compute-mfcc-feats[5.5.1058~1-dfd6c]:main():compute-mfcc-feats.cc:182) Processed features for key rc_3-b-4500_rc_3-b-45_kv_aurangabadshift1_01092022-000000-1_EN-OL-RC-234_1
VLOG[2] (compute-mfcc-feats[5.5.1058~1-dfd6c]:main():compute-mfcc-feats.cc:182) Processed features for key rc_3-b-4500_rc_3-b-45_kv_aurangabadshift1_01092022-000000-1_EN-OL-RC-234_2
VLOG[2] (compute-mfcc-feats[5.5.1058~1-dfd6c]:main():compute-mfcc-feats.cc:182) Processed features for key rd_4-b-800_rd_4-b-8_kv_solapur_01092022-000000-1_EN-OL-RC-426_1
VLOG[2] (compute-mfcc-feats[5.5.1058~1-dfd6c]:main():compute-mfcc-feats.cc:182) Processed features for key rd_5-b-1600_rd_5-b-16_kv_bhandupshift1_01092022-000000-1_EN-OL-RC-538_2
VLOG[2] (compute-mfcc-feats[5.5.1058~1-dfd6c]:main():compute-mfcc-feats.cc:182) Processed features for key rd_5-b-3900_rd_5-b-39_kv_solapur_01092022-000000-1_EN-OL-RC-538_1
VLOG[2] (compute-mfcc-feats[5.5.1058~1-dfd6c]:main():compute-mfcc-feats.cc:182) Processed features for key rf_5-a-2500_rf_5-a-25_kv_solapur_01092022-000000-1_EN-OL-RC-538_1
VLOG[2] (compute-mfcc-feats[5.5.1058~1-dfd6c]:main():compute-mfcc-feats.cc:182) Processed features for key rg_3-b-3000_rg_3-b-30_kv_aurangabadshift2_01092022-000000-1_EN-OL-RC-234_2
VLOG[2] (compute-mfcc-feats[5.5.1058~1-dfd6c]:main():compute-mfcc-feats.cc:182) Processed features for key rh_5-a-2700_rh_5-a-27_kv_solapur_01092022-000000-1_EN-OL-RC-538_1
VLOG[2] (compute-mfcc-feats[5.5.1058~1-dfd6c]:main():compute-mfcc-feats.cc:182) Processed features for key rj_5-b-5000_rj_5-b-50_kv_bhandupshift1_01092022-000000-1_EN-OL-RC-538_1
LOG (compute-mfcc-feats[5.5.1058~1-dfd6c]:main():compute-mfcc-feats.cc:181) Processed 60 utterances
VLOG[2] (compute-mfcc-feats[5.5.1058~1-dfd6c]:main():compute-mfcc-feats.cc:182) Processed features for key rk_5-b-3600_rk_5-b-36_kv_bhandupshift1_01092022-000000-1_EN-OL-RC-538_1
VLOG[2] (compute-mfcc-feats[5.5.1058~1-dfd6c]:main():compute-mfcc-feats.cc:182) Processed features for key rk_5-b-3600_rk_5-b-36_kv_bhandupshift1_01092022-000000-1_EN-OL-RC-538_2
VLOG[2] (compute-mfcc-feats[5.5.1058~1-dfd6c]:main():compute-mfcc-feats.cc:182) Processed features for key rk_5-d-3700_rk_5-d-37_kv_iitpowai_01092022-000000-1_EN-OL-RC-538_1
VLOG[2] (compute-mfcc-feats[5.5.1058~1-dfd6c]:main():compute-mfcc-feats.cc:182) Processed features for key rm_3-d-300_rm_3-d-3_kv_iitpowai_01092022-000000-1_EN-OL-RC-234_2
VLOG[2] (compute-mfcc-feats[5.5.1058~1-dfd6c]:main():compute-mfcc-feats.cc:182) Processed features for key rm_5-b-3700_rm_5-b-37_kv_bhandupshift1_01092022-000000-1_EN-OL-RC-538_1
VLOG[2] (compute-mfcc-feats[5.5.1058~1-dfd6c]:main():compute-mfcc-feats.cc:182) Processed features for key rm_5-b-3700_rm_5-b-37_kv_bhandupshift1_01092022-000000-1_EN-OL-RC-538_2
VLOG[2] (compute-mfcc-feats[5.5.1058~1-dfd6c]:main():compute-mfcc-feats.cc:182) Processed features for key rm_5-b-4600_rm_5-b-46_kv_dhule_01092022-000000-1_EN-OL-RC-538_2
VLOG[2] (compute-mfcc-feats[5.5.1058~1-dfd6c]:main():compute-mfcc-feats.cc:182) Processed features for key rn_5-a-3600_rn_5-a-36_kv_aurangabadshift1_01092022-000000-1_EN-OL-RC-538_1
VLOG[2] (compute-mfcc-feats[5.5.1058~1-dfd6c]:main():compute-mfcc-feats.cc:182) Processed features for key rn_5-a-3600_rn_5-a-36_kv_aurangabadshift1_01092022-000000-2_EN-OL-RC-538_2
VLOG[2] (compute-mfcc-feats[5.5.1058~1-dfd6c]:main():compute-mfcc-feats.cc:182) Processed features for key rp_5-a-5300_rp_5-a-53_kv_dhule_01092022-000000-1_EN-OL-RC-538_1
LOG (compute-mfcc-feats[5.5.1058~1-dfd6c]:main():compute-mfcc-feats.cc:181) Processed 70 utterances
VLOG[2] (compute-mfcc-feats[5.5.1058~1-dfd6c]:main():compute-mfcc-feats.cc:182) Processed features for key rs_3-a-4200_rs_3-a-42_kv_dhule_01092022-000000-1_EN-OL-RC-234_1
VLOG[2] (compute-mfcc-feats[5.5.1058~1-dfd6c]:main():compute-mfcc-feats.cc:182) Processed features for key rs_5-a-1200_rs_5-a-12_kv_iitpowai_01092022-000000-1_EN-OL-RC-538_1
VLOG[2] (compute-mfcc-feats[5.5.1058~1-dfd6c]:main():compute-mfcc-feats.cc:182) Processed features for key rs_5-a-1800_rs_5-a-18_kv_bhandupshift1_01092022-000000-1_EN-OL-RC-538_1
VLOG[2] (compute-mfcc-feats[5.5.1058~1-dfd6c]:main():compute-mfcc-feats.cc:182) Processed features for key rs_5-a-1800_rs_5-a-18_kv_bhandupshift1_01092022-000000-1_EN-OL-RC-538_2
VLOG[2] (compute-mfcc-feats[5.5.1058~1-dfd6c]:main():compute-mfcc-feats.cc:182) Processed features for key rs_5-d-1100_rs_5-d-11_kv_iitpowai_01092022-000000-1_EN-OL-RC-538_2
VLOG[2] (compute-mfcc-feats[5.5.1058~1-dfd6c]:main():compute-mfcc-feats.cc:182) Processed features for key ry_5-a-4000_ry_5-a-40_kv_bhandupshift1_01092022-000000-1_EN-OL-RC-538_2
VLOG[2] (compute-mfcc-feats[5.5.1058~1-dfd6c]:main():compute-mfcc-feats.cc:182) Processed features for key sa_4-b-3200_sa_4-b-32_kv_aurangabadshift2_01092022-000000-1_EN-OL-RC-426_1
VLOG[2] (compute-mfcc-feats[5.5.1058~1-dfd6c]:main():compute-mfcc-feats.cc:182) Processed features for key sb_5-a-1300_sb_5-a-13_kv_aurangabadshift1_01092022-000000-1_EN-OL-RC-538_2
VLOG[2] (compute-mfcc-feats[5.5.1058~1-dfd6c]:main():compute-mfcc-feats.cc:182) Processed features for key sb_5-a-1300_sb_5-a-13_kv_aurangabadshift1_01092022-000000-2_EN-OL-RC-538_1
VLOG[2] (compute-mfcc-feats[5.5.1058~1-dfd6c]:main():compute-mfcc-feats.cc:182) Processed features for key sb_5-a-3900_sb_5-a-39_kv_solapur_01092022-000000-1_EN-OL-RC-538_1
LOG (compute-mfcc-feats[5.5.1058~1-dfd6c]:main():compute-mfcc-feats.cc:181) Processed 80 utterances
VLOG[2] (compute-mfcc-feats[5.5.1058~1-dfd6c]:main():compute-mfcc-feats.cc:182) Processed features for key sb_5-a-3900_sb_5-a-39_kv_solapur_01092022-000000-1_EN-OL-RC-538_2
VLOG[2] (compute-mfcc-feats[5.5.1058~1-dfd6c]:main():compute-mfcc-feats.cc:182) Processed features for key sc_5-a-4300_sc_5-a-43_kv_bhandupshift1_01092022-000000-1_EN-OL-RC-538_1
VLOG[2] (compute-mfcc-feats[5.5.1058~1-dfd6c]:main():compute-mfcc-feats.cc:182) Processed features for key sc_5-a-4300_sc_5-a-43_kv_bhandupshift1_01092022-000000-1_EN-OL-RC-538_2
VLOG[2] (compute-mfcc-feats[5.5.1058~1-dfd6c]:main():compute-mfcc-feats.cc:182) Processed features for key sc_5-b-5100_sc_5-b-51_kv_dhule_01092022-000000-1_EN-OL-RC-538_1
VLOG[2] (compute-mfcc-feats[5.5.1058~1-dfd6c]:main():compute-mfcc-feats.cc:182) Processed features for key sd_3-a-3300_sd_3-a-33_kv_iitpowai_01092022-000000-2_EN-OL-RC-234_1
VLOG[2] (compute-mfcc-feats[5.5.1058~1-dfd6c]:main():compute-mfcc-feats.cc:182) Processed features for key sd_4-b-2900_sd_4-b-29_kv_aurangabadshift2_01092022-000000-1_EN-OL-RC-426_1
VLOG[2] (compute-mfcc-feats[5.5.1058~1-dfd6c]:main():compute-mfcc-feats.cc:182) Processed features for key sd_5-a-3400_sd_5-a-34_kv_solapur_01092022-000000-1_EN-OL-RC-538_1
VLOG[2] (compute-mfcc-feats[5.5.1058~1-dfd6c]:main():compute-mfcc-feats.cc:182) Processed features for key sd_5-b-3900_sd_5-b-39_kv_bhandupshift1_01092022-000000-1_EN-OL-RC-538_2
VLOG[2] (compute-mfcc-feats[5.5.1058~1-dfd6c]:main():compute-mfcc-feats.cc:182) Processed features for key sd_5-b-500_sd_5-b-5_kv_iitpowai_01092022-000000-1_EN-OL-RC-538_1
VLOG[2] (compute-mfcc-feats[5.5.1058~1-dfd6c]:main():compute-mfcc-feats.cc:182) Processed features for key sg_3-c-2900_sg_3-c-29_kv_iitpowai_01092022-000000-1_EN-OL-RC-234_1
LOG (compute-mfcc-feats[5.5.1058~1-dfd6c]:main():compute-mfcc-feats.cc:181) Processed 90 utterances
VLOG[2] (compute-mfcc-feats[5.5.1058~1-dfd6c]:main():compute-mfcc-feats.cc:182) Processed features for key sg_3-c-2900_sg_3-c-29_kv_iitpowai_01092022-000000-2_EN-OL-RC-234_2
VLOG[2] (compute-mfcc-feats[5.5.1058~1-dfd6c]:main():compute-mfcc-feats.cc:182) Processed features for key sg_4-a-3800_sg_4-a-38_kv_bhandupshift2_01092022-000000-1_EN-OL-RC-426_1
VLOG[2] (compute-mfcc-feats[5.5.1058~1-dfd6c]:main():compute-mfcc-feats.cc:182) Processed features for key sg_5-a-1000_sg_5-a-10_kv_dhule_01092022-000000-1_EN-OL-RC-538_1
VLOG[2] (compute-mfcc-feats[5.5.1058~1-dfd6c]:main():compute-mfcc-feats.cc:182) Processed features for key sg_5-a-3200_sg_5-a-32_kv_insmandovi_01092022-000000-1_EN-OL-RC-538_2
VLOG[2] (compute-mfcc-feats[5.5.1058~1-dfd6c]:main():compute-mfcc-feats.cc:182) Processed features for key sg_5-a-4400_sg_5-a-44_kv_bhandupshift1_01092022-000000-1_EN-OL-RC-538_1
VLOG[2] (compute-mfcc-feats[5.5.1058~1-dfd6c]:main():compute-mfcc-feats.cc:182) Processed features for key sg_5-a-4400_sg_5-a-44_kv_bhandupshift1_01092022-000000-1_EN-OL-RC-538_2
VLOG[2] (compute-mfcc-feats[5.5.1058~1-dfd6c]:main():compute-mfcc-feats.cc:182) Processed features for key sh_3-a-2200_sh_3-a-22_kv_solapur_01092022-000000-1_EN-OL-RC-234_2
VLOG[2] (compute-mfcc-feats[5.5.1058~1-dfd6c]:main():compute-mfcc-feats.cc:182) Processed features for key sh_5-d-3000_sh_5-d-30_kv_iitpowai_01092022-000000-1_EN-OL-RC-538_2
VLOG[2] (compute-mfcc-feats[5.5.1058~1-dfd6c]:main():compute-mfcc-feats.cc:182) Processed features for key sj_3-d-1400_sj_3-d-14_kv_iitpowai_01092022-000000-1_EN-OL-RC-234_2
VLOG[2] (compute-mfcc-feats[5.5.1058~1-dfd6c]:main():compute-mfcc-feats.cc:182) Processed features for key sj_5-a-1900_sj_5-a-19_kv_bhandupshift1_01092022-000000-1_EN-OL-RC-538_1
LOG (compute-mfcc-feats[5.5.1058~1-dfd6c]:main():compute-mfcc-feats.cc:181) Processed 100 utterances
VLOG[2] (compute-mfcc-feats[5.5.1058~1-dfd6c]:main():compute-mfcc-feats.cc:182) Processed features for key sj_5-a-1900_sj_5-a-19_kv_bhandupshift1_01092022-000000-1_EN-OL-RC-538_2
LOG (compute-mfcc-feats[5.5.1058~1-dfd6c]:main():compute-mfcc-feats.cc:185)  Done 100 out of 100 utterances.
LOG (copy-feats[5.5.1058~1-dfd6c]:main():copy-feats.cc:143) Copied 100 feature matrices.
# Accounting: time=10 threads=1
# Ended (code 0) at Wed Mar  1 04:17:37 IST 2023, elapsed time 10 seconds
