# compute-mfcc-feats --write-utt2dur=ark,t:data/gop_400_examples//log/utt2dur.1 --verbose=2 --config=conf/mfcc_hires.conf scp,p:data/gop_400_examples//log/wav_gop_400_examples.1.scp ark:- | copy-feats --write-num-frames=ark,t:data/gop_400_examples//log/utt2num_frames.1 --compress=true ark:- ark,scp:/media/run/kaldi/egs/gop_speechocean762/s5/data/gop_400_examples//data/raw_mfcc_gop_400_examples.1.ark,/media/run/kaldi/egs/gop_speechocean762/s5/data/gop_400_examples//data/raw_mfcc_gop_400_examples.1.scp 
# Started at Wed Mar  1 04:17:27 IST 2023
#
copy-feats --write-num-frames=ark,t:data/gop_400_examples//log/utt2num_frames.1 --compress=true ark:- ark,scp:/media/run/kaldi/egs/gop_speechocean762/s5/data/gop_400_examples//data/raw_mfcc_gop_400_examples.1.ark,/media/run/kaldi/egs/gop_speechocean762/s5/data/gop_400_examples//data/raw_mfcc_gop_400_examples.1.scp 
compute-mfcc-feats --write-utt2dur=ark,t:data/gop_400_examples//log/utt2dur.1 --verbose=2 --config=conf/mfcc_hires.conf scp,p:data/gop_400_examples//log/wav_gop_400_examples.1.scp ark:- 
VLOG[2] (compute-mfcc-feats[5.5.1058~1-dfd6c]:main():compute-mfcc-feats.cc:182) Processed features for key aa_3-b-200_aa_3-b-2_kv_bhandupshift1_01092022-000000-1_EN-OL-RC-234_1
VLOG[2] (compute-mfcc-feats[5.5.1058~1-dfd6c]:main():compute-mfcc-feats.cc:182) Processed features for key aa_4-a-600_aa_4-a-6_kv_bhandupshift1_01092022-000000-3_EN-OL-RC-426_1
VLOG[2] (compute-mfcc-feats[5.5.1058~1-dfd6c]:main():compute-mfcc-feats.cc:182) Processed features for key ab_3-c-2600_ab_3-c-26_kv_iitpowai_01092022-000000-1_EN-OL-RC-234_2
VLOG[2] (compute-mfcc-feats[5.5.1058~1-dfd6c]:main():compute-mfcc-feats.cc:182) Processed features for key ab_3-d-200_ab_3-d-2_kv_bhandupshift1_01092022-000000-1_EN-OL-RC-234_1
VLOG[2] (compute-mfcc-feats[5.5.1058~1-dfd6c]:main():compute-mfcc-feats.cc:182) Processed features for key ab_3-d-200_ab_3-d-2_kv_bhandupshift1_01092022-000000-1_EN-OL-RC-234_2
VLOG[2] (compute-mfcc-feats[5.5.1058~1-dfd6c]:main():compute-mfcc-feats.cc:182) Processed features for key ab_4-a-200_ab_4-a-2_kv_dhule_01092022-000000-1_EN-OL-RC-426_1
VLOG[2] (compute-mfcc-feats[5.5.1058~1-dfd6c]:main():compute-mfcc-feats.cc:182) Processed features for key ab_4-b-1500_ab_4-b-15_kv_iitpowai_01092022-000000-1_EN-OL-RC-426_1
VLOG[2] (compute-mfcc-feats[5.5.1058~1-dfd6c]:main():compute-mfcc-feats.cc:182) Processed features for key ab_5-a-100_ab_5-a-1_kv_dhule_01092022-000000-1_EN-OL-RC-538_1
VLOG[2] (compute-mfcc-feats[5.5.1058~1-dfd6c]:main():compute-mfcc-feats.cc:182) Processed features for key ab_5-a-2500_ab_5-a-25_kv_bhandupshift1_01092022-000000-1_EN-OL-RC-538_2
LOG (compute-mfcc-feats[5.5.1058~1-dfd6c]:main():compute-mfcc-feats.cc:181) Processed 10 utterances
VLOG[2] (compute-mfcc-feats[5.5.1058~1-dfd6c]:main():compute-mfcc-feats.cc:182) Processed features for key ab_5-a-3000_ab_5-a-30_kv_bhandupshift1_01092022-000000-1_EN-OL-RC-538_1
VLOG[2] (compute-mfcc-feats[5.5.1058~1-dfd6c]:main():compute-mfcc-feats.cc:182) Processed features for key ab_5-a-3000_ab_5-a-30_kv_bhandupshift1_01092022-000000-1_EN-OL-RC-538_2
VLOG[2] (compute-mfcc-feats[5.5.1058~1-dfd6c]:main():compute-mfcc-feats.cc:182) Processed features for key ab_5-a-400_ab_5-a-4_kv_aurangabadshift2_01092022-000000-1_EN-OL-RC-538_1
VLOG[2] (compute-mfcc-feats[5.5.1058~1-dfd6c]:main():compute-mfcc-feats.cc:182) Processed features for key ab_5-a-400_ab_5-a-4_kv_aurangabadshift2_01092022-000000-1_EN-OL-RC-538_2
VLOG[2] (compute-mfcc-feats[5.5.1058~1-dfd6c]:main():compute-mfcc-feats.cc:182) Processed features for key ab_5-a-4800_ab_5-a-48_kv_bhandupshift1_01092022-000000-1_EN-OL-RC-538_1
VLOG[2] (compute-mfcc-feats[5.5.1058~1-dfd6c]:main():compute-mfcc-feats.cc:182) Processed features for key ab_5-a-4800_ab_5-a-48_kv_bhandupshift1_01092022-000000-1_EN-OL-RC-538_2
VLOG[2] (compute-mfcc-feats[5.5.1058~1-dfd6c]:main():compute-mfcc-feats.cc:182) Processed features for key ab_5-c-300_ab_5-c-3_kv_bhandupshift1_01092022-000000-1_EN-OL-RC-538_1
VLOG[2] (compute-mfcc-feats[5.5.1058~1-dfd6c]:main():compute-mfcc-feats.cc:182) Processed features for key ac_3-b-100_ac_3-b-1_kv_colaba3_01092022-000000-1_EN-OL-RC-234_1
VLOG[2] (compute-mfcc-feats[5.5.1058~1-dfd6c]:main():compute-mfcc-feats.cc:182) Processed features for key ac_4-b-1300_ac_4-b-13_kv_iitpowai_01092022-000000-1_EN-OL-RC-426_1
VLOG[2] (compute-mfcc-feats[5.5.1058~1-dfd6c]:main():compute-mfcc-feats.cc:182) Processed features for key ac_5-a-2800_ac_5-a-28_kv_bhandupshift1_01092022-000000-1_EN-OL-RC-538_1
LOG (compute-mfcc-feats[5.5.1058~1-dfd6c]:main():compute-mfcc-feats.cc:181) Processed 20 utterances
VLOG[2] (compute-mfcc-feats[5.5.1058~1-dfd6c]:main():compute-mfcc-feats.cc:182) Processed features for key ac_5-a-2800_ac_5-a-28_kv_bhandupshift1_01092022-000000-1_EN-OL-RC-538_2
VLOG[2] (compute-mfcc-feats[5.5.1058~1-dfd6c]:main():compute-mfcc-feats.cc:182) Processed features for key ac_5-b-2400_ac_5-b-24_kv_bhandupshift1_01092022-000000-1_EN-OL-RC-538_1
VLOG[2] (compute-mfcc-feats[5.5.1058~1-dfd6c]:main():compute-mfcc-feats.cc:182) Processed features for key ac_5-b-2400_ac_5-b-24_kv_bhandupshift1_01092022-000000-1_EN-OL-RC-538_2
VLOG[2] (compute-mfcc-feats[5.5.1058~1-dfd6c]:main():compute-mfcc-feats.cc:182) Processed features for key ad_4-b-2200_ad_4-b-22_kv_aurangabadshift1_01092022-000000-1_EN-OL-RC-426_1
VLOG[2] (compute-mfcc-feats[5.5.1058~1-dfd6c]:main():compute-mfcc-feats.cc:182) Processed features for key ad_4-c-900_ad_4-c-9_kv_aurangabadshift2_01092022-000000-1_EN-OL-RC-426_1
VLOG[2] (compute-mfcc-feats[5.5.1058~1-dfd6c]:main():compute-mfcc-feats.cc:182) Processed features for key ad_4-d-4400_ad_4-d-44_kv_iitpowai_01092022-000000-1_EN-OL-RC-426_1
VLOG[2] (compute-mfcc-feats[5.5.1058~1-dfd6c]:main():compute-mfcc-feats.cc:182) Processed features for key ad_5-a-100_ad_5-a-1_kv_solapur_01092022-000000-1_EN-OL-RC-538_1
VLOG[2] (compute-mfcc-feats[5.5.1058~1-dfd6c]:main():compute-mfcc-feats.cc:182) Processed features for key ad_5-a-300_ad_5-a-3_kv_solapur_01092022-000000-1_EN-OL-RC-538_1
VLOG[2] (compute-mfcc-feats[5.5.1058~1-dfd6c]:main():compute-mfcc-feats.cc:182) Processed features for key ad_5-a-300_ad_5-a-3_kv_solapur_01092022-000000-1_EN-OL-RC-538_2
VLOG[2] (compute-mfcc-feats[5.5.1058~1-dfd6c]:main():compute-mfcc-feats.cc:182) Processed features for key ad_5-b-1000_ad_5-b-10_kv_iitpowai_01092022-000000-1_EN-OL-RC-538_1
LOG (compute-mfcc-feats[5.5.1058~1-dfd6c]:main():compute-mfcc-feats.cc:181) Processed 30 utterances
VLOG[2] (compute-mfcc-feats[5.5.1058~1-dfd6c]:main():compute-mfcc-feats.cc:182) Processed features for key ag_3-c-1100_ag_3-c-11_kv_aurangabadshift1_01092022-000000-1_EN-OL-RC-234_2
VLOG[2] (compute-mfcc-feats[5.5.1058~1-dfd6c]:main():compute-mfcc-feats.cc:182) Processed features for key ag_4-a-3800_ag_4-a-38_kv_iitpowai_01092022-000000-1_EN-OL-RC-426_1
VLOG[2] (compute-mfcc-feats[5.5.1058~1-dfd6c]:main():compute-mfcc-feats.cc:182) Processed features for key ag_4-b-2100_ag_4-b-21_kv_solapur_01092022-000000-1_EN-OL-RC-426_1
VLOG[2] (compute-mfcc-feats[5.5.1058~1-dfd6c]:main():compute-mfcc-feats.cc:182) Processed features for key ag_5-a-400_ag_5-a-4_kv_bhandupshift1_01092022-000000-1_EN-OL-RC-538_2
VLOG[2] (compute-mfcc-feats[5.5.1058~1-dfd6c]:main():compute-mfcc-feats.cc:182) Processed features for key ag_5-a-800_ag_5-a-8_kv_jalgaon_01092022-000000-1_EN-OL-RC-538_1
VLOG[2] (compute-mfcc-feats[5.5.1058~1-dfd6c]:main():compute-mfcc-feats.cc:182) Processed features for key ag_5-b-200_ag_5-b-2_kv_bhandupshift1_01092022-000000-1_EN-OL-RC-538_1
VLOG[2] (compute-mfcc-feats[5.5.1058~1-dfd6c]:main():compute-mfcc-feats.cc:182) Processed features for key ag_5-b-200_ag_5-b-2_kv_bhandupshift1_01092022-000000-1_EN-OL-RC-538_2
VLOG[2] (compute-mfcc-feats[5.5.1058~1-dfd6c]:main():compute-mfcc-feats.cc:182) Processed features for key ag_5-c-2600_ag_5-c-26_kv_bhandupshift1_01092022-000000-1_EN-OL-RC-538_1
VLOG[2] (compute-mfcc-feats[5.5.1058~1-dfd6c]:main():compute-mfcc-feats.cc:182) Processed features for key ag_5-c-2600_ag_5-c-26_kv_bhandupshift1_01092022-000000-1_EN-OL-RC-538_2
VLOG[2] (compute-mfcc-feats[5.5.1058~1-dfd6c]:main():compute-mfcc-feats.cc:182) Processed features for key ah_4-a-5200_ah_4-a-52_kv_iitpowai_01092022-000000-1_EN-OL-RC-426_1
LOG (compute-mfcc-feats[5.5.1058~1-dfd6c]:main():compute-mfcc-feats.cc:181) Processed 40 utterances
VLOG[2] (compute-mfcc-feats[5.5.1058~1-dfd6c]:main():compute-mfcc-feats.cc:182) Processed features for key ah_4-b-2900_ah_4-b-29_kv_bhandupshift1_01092022-000000-1_EN-OL-RC-426_1
VLOG[2] (compute-mfcc-feats[5.5.1058~1-dfd6c]:main():compute-mfcc-feats.cc:182) Processed features for key ah_5-a-2300_ah_5-a-23_kv_bhandupshift1_01092022-000000-1_EN-OL-RC-538_1
VLOG[2] (compute-mfcc-feats[5.5.1058~1-dfd6c]:main():compute-mfcc-feats.cc:182) Processed features for key ah_5-a-2300_ah_5-a-23_kv_bhandupshift1_01092022-000000-1_EN-OL-RC-538_2
VLOG[2] (compute-mfcc-feats[5.5.1058~1-dfd6c]:main():compute-mfcc-feats.cc:182) Processed features for key aj_4-a-3100_aj_4-a-31_kv_bhandupshift1_01092022-000000-1_EN-OL-RC-426_1
VLOG[2] (compute-mfcc-feats[5.5.1058~1-dfd6c]:main():compute-mfcc-feats.cc:182) Processed features for key aj_4-a-3100_aj_4-a-31_kv_solapur_01092022-000000-1_EN-OL-RC-426_1
VLOG[2] (compute-mfcc-feats[5.5.1058~1-dfd6c]:main():compute-mfcc-feats.cc:182) Processed features for key aj_4-b-100_aj_4-b-1_kv_dhule_01092022-000000-1_EN-OL-RC-426_1
VLOG[2] (compute-mfcc-feats[5.5.1058~1-dfd6c]:main():compute-mfcc-feats.cc:182) Processed features for key aj_5-a-700_aj_5-a-7_kv_jalgaon_01092022-000000-1_EN-OL-RC-538_2
VLOG[2] (compute-mfcc-feats[5.5.1058~1-dfd6c]:main():compute-mfcc-feats.cc:182) Processed features for key ak_3-a-1200_ak_3-a-12_kv_iitpowai_01092022-000000-1_EN-OL-RC-234_1
VLOG[2] (compute-mfcc-feats[5.5.1058~1-dfd6c]:main():compute-mfcc-feats.cc:182) Processed features for key ak_3-a-2200_ak_3-a-22_kv_bhandupshift1_01092022-000000-1_EN-OL-RC-234_1
VLOG[2] (compute-mfcc-feats[5.5.1058~1-dfd6c]:main():compute-mfcc-feats.cc:182) Processed features for key ak_3-a-2300_ak_3-a-23_kv_bhandupshift1_01092022-000000-1_EN-OL-RC-234_2
LOG (compute-mfcc-feats[5.5.1058~1-dfd6c]:main():compute-mfcc-feats.cc:181) Processed 50 utterances
VLOG[2] (compute-mfcc-feats[5.5.1058~1-dfd6c]:main():compute-mfcc-feats.cc:182) Processed features for key ak_3-b-1000_ak_3-b-10_kv_aurangabadshift2_01092022-000000-1_EN-OL-RC-234_2
VLOG[2] (compute-mfcc-feats[5.5.1058~1-dfd6c]:main():compute-mfcc-feats.cc:182) Processed features for key ak_3-b-400_ak_3-b-4_kv_iitpowai_01092022-000000-1_EN-OL-RC-234_1
VLOG[2] (compute-mfcc-feats[5.5.1058~1-dfd6c]:main():compute-mfcc-feats.cc:182) Processed features for key ak_3-c-1400_ak_3-c-14_kv_iitpowai_01092022-000000-1_EN-OL-RC-234_1
VLOG[2] (compute-mfcc-feats[5.5.1058~1-dfd6c]:main():compute-mfcc-feats.cc:182) Processed features for key ak_4-a-1100_ak_4-a-11_kv_iitpowai_01092022-000000-1_EN-OL-RC-426_1
VLOG[2] (compute-mfcc-feats[5.5.1058~1-dfd6c]:main():compute-mfcc-feats.cc:182) Processed features for key ak_4-a-2200_ak_4-a-22_kv_dhule_01092022-000000-1_EN-OL-RC-426_1
VLOG[2] (compute-mfcc-feats[5.5.1058~1-dfd6c]:main():compute-mfcc-feats.cc:182) Processed features for key ak_4-a-400_ak_4-a-4_kv_dhule_01092022-000000-1_EN-OL-RC-426_1
VLOG[2] (compute-mfcc-feats[5.5.1058~1-dfd6c]:main():compute-mfcc-feats.cc:182) Processed features for key ak_4-d-400_ak_4-d-4_kv_bhandupshift1_01092022-000000-1_EN-OL-RC-426_1
VLOG[2] (compute-mfcc-feats[5.5.1058~1-dfd6c]:main():compute-mfcc-feats.cc:182) Processed features for key ak_5-a-1100_ak_5-a-11_kv_solapur_01092022-000000-1_EN-OL-RC-538_1
VLOG[2] (compute-mfcc-feats[5.5.1058~1-dfd6c]:main():compute-mfcc-feats.cc:182) Processed features for key ak_5-b-600_ak_5-b-6_kv_bhandupshift1_01092022-000000-1_EN-OL-RC-538_1
VLOG[2] (compute-mfcc-feats[5.5.1058~1-dfd6c]:main():compute-mfcc-feats.cc:182) Processed features for key ak_5-b-600_ak_5-b-6_kv_bhandupshift1_01092022-000000-1_EN-OL-RC-538_2
LOG (compute-mfcc-feats[5.5.1058~1-dfd6c]:main():compute-mfcc-feats.cc:181) Processed 60 utterances
VLOG[2] (compute-mfcc-feats[5.5.1058~1-dfd6c]:main():compute-mfcc-feats.cc:182) Processed features for key ak_5-c-2300_ak_5-c-23_kv_bhandupshift1_01092022-000000-1_EN-OL-RC-538_1
VLOG[2] (compute-mfcc-feats[5.5.1058~1-dfd6c]:main():compute-mfcc-feats.cc:182) Processed features for key ak_5-d-2600_ak_5-d-26_kv_bhandupshift1_01092022-000000-1_EN-OL-RC-538_2
VLOG[2] (compute-mfcc-feats[5.5.1058~1-dfd6c]:main():compute-mfcc-feats.cc:182) Processed features for key am_4-d-300_am_4-d-3_kv_bhandupshift1_01092022-000000-1_EN-OL-RC-426_1
VLOG[2] (compute-mfcc-feats[5.5.1058~1-dfd6c]:main():compute-mfcc-feats.cc:182) Processed features for key am_5-a-200_am_5-a-2_kv_bhandupshift1_01092022-000000-1_EN-OL-RC-538_1
VLOG[2] (compute-mfcc-feats[5.5.1058~1-dfd6c]:main():compute-mfcc-feats.cc:182) Processed features for key am_5-a-200_am_5-a-2_kv_bhandupshift1_01092022-000000-1_EN-OL-RC-538_2
VLOG[2] (compute-mfcc-feats[5.5.1058~1-dfd6c]:main():compute-mfcc-feats.cc:182) Processed features for key am_5-a-2600_am_5-a-26_kv_bhandupshift1_01092022-000000-1_EN-OL-RC-538_1
VLOG[2] (compute-mfcc-feats[5.5.1058~1-dfd6c]:main():compute-mfcc-feats.cc:182) Processed features for key am_5-a-2600_am_5-a-26_kv_bhandupshift1_01092022-000000-1_EN-OL-RC-538_2
VLOG[2] (compute-mfcc-feats[5.5.1058~1-dfd6c]:main():compute-mfcc-feats.cc:182) Processed features for key am_5-a-2900_am_5-a-29_kv_bhandupshift1_01092022-000000-1_EN-OL-RC-538_1
VLOG[2] (compute-mfcc-feats[5.5.1058~1-dfd6c]:main():compute-mfcc-feats.cc:182) Processed features for key am_5-a-2900_am_5-a-29_kv_bhandupshift1_01092022-000000-1_EN-OL-RC-538_2
VLOG[2] (compute-mfcc-feats[5.5.1058~1-dfd6c]:main():compute-mfcc-feats.cc:182) Processed features for key am_5-b-100_am_5-b-1_kv_bhandupshift1_01092022-000000-1_EN-OL-RC-538_1
LOG (compute-mfcc-feats[5.5.1058~1-dfd6c]:main():compute-mfcc-feats.cc:181) Processed 70 utterances
VLOG[2] (compute-mfcc-feats[5.5.1058~1-dfd6c]:main():compute-mfcc-feats.cc:182) Processed features for key am_5-b-100_am_5-b-1_kv_bhandupshift1_01092022-000000-1_EN-OL-RC-538_2
VLOG[2] (compute-mfcc-feats[5.5.1058~1-dfd6c]:main():compute-mfcc-feats.cc:182) Processed features for key am_5-b-3400_am_5-b-34_kv_bhandupshift1_01092022-000000-1_EN-OL-RC-538_1
VLOG[2] (compute-mfcc-feats[5.5.1058~1-dfd6c]:main():compute-mfcc-feats.cc:182) Processed features for key am_5-b-3400_am_5-b-34_kv_bhandupshift1_01092022-000000-1_EN-OL-RC-538_2
VLOG[2] (compute-mfcc-feats[5.5.1058~1-dfd6c]:main():compute-mfcc-feats.cc:182) Processed features for key am_5-b-4300_am_5-b-43_kv_aurangabadshift1_01092022-000000-1_EN-OL-RC-538_1
VLOG[2] (compute-mfcc-feats[5.5.1058~1-dfd6c]:main():compute-mfcc-feats.cc:182) Processed features for key am_5-b-4300_am_5-b-43_kv_aurangabadshift1_01092022-000000-1_EN-OL-RC-538_2
VLOG[2] (compute-mfcc-feats[5.5.1058~1-dfd6c]:main():compute-mfcc-feats.cc:182) Processed features for key an_3-a-1800_an_3-a-18_kv_dhule_01092022-000000-1_EN-OL-RC-234_2
VLOG[2] (compute-mfcc-feats[5.5.1058~1-dfd6c]:main():compute-mfcc-feats.cc:182) Processed features for key an_5-a-4100_an_5-a-41_kv_iitpowai_01092022-000000-1_EN-OL-RC-538_2
VLOG[2] (compute-mfcc-feats[5.5.1058~1-dfd6c]:main():compute-mfcc-feats.cc:182) Processed features for key ap_3-c-2800_ap_3-c-28_kv_bhandupshift1_01092022-000000-1_EN-OL-RC-234_2
VLOG[2] (compute-mfcc-feats[5.5.1058~1-dfd6c]:main():compute-mfcc-feats.cc:182) Processed features for key ap_5-a-100_ap_5-a-1_kv_aurangabadshift1_01092022-000000-1_EN-OL-RC-538_1
VLOG[2] (compute-mfcc-feats[5.5.1058~1-dfd6c]:main():compute-mfcc-feats.cc:182) Processed features for key ap_5-a-100_ap_5-a-1_kv_aurangabadshift1_01092022-000000-2_EN-OL-RC-538_2
LOG (compute-mfcc-feats[5.5.1058~1-dfd6c]:main():compute-mfcc-feats.cc:181) Processed 80 utterances
VLOG[2] (compute-mfcc-feats[5.5.1058~1-dfd6c]:main():compute-mfcc-feats.cc:182) Processed features for key ap_5-a-200_ap_5-a-2_kv_jalgaon_01092022-000000-1_EN-OL-RC-538_1
VLOG[2] (compute-mfcc-feats[5.5.1058~1-dfd6c]:main():compute-mfcc-feats.cc:182) Processed features for key ap_5-a-2200_ap_5-a-22_kv_aurangabadshift1_01092022-000000-1_EN-OL-RC-538_1
VLOG[2] (compute-mfcc-feats[5.5.1058~1-dfd6c]:main():compute-mfcc-feats.cc:182) Processed features for key ap_5-a-5100_ap_5-a-51_kv_bhandupshift1_01092022-000000-1_EN-OL-RC-538_1
VLOG[2] (compute-mfcc-feats[5.5.1058~1-dfd6c]:main():compute-mfcc-feats.cc:182) Processed features for key ap_5-a-5100_ap_5-a-51_kv_bhandupshift1_01092022-000000-1_EN-OL-RC-538_2
VLOG[2] (compute-mfcc-feats[5.5.1058~1-dfd6c]:main():compute-mfcc-feats.cc:182) Processed features for key ap_5-b-800_ap_5-b-8_kv_bhandupshift1_01092022-000000-1_EN-OL-RC-538_1
VLOG[2] (compute-mfcc-feats[5.5.1058~1-dfd6c]:main():compute-mfcc-feats.cc:182) Processed features for key ap_5-c-200_ap_5-c-2_kv_bhandupshift1_01092022-000000-1_EN-OL-RC-538_1
VLOG[2] (compute-mfcc-feats[5.5.1058~1-dfd6c]:main():compute-mfcc-feats.cc:182) Processed features for key ap_5-c-200_ap_5-c-2_kv_bhandupshift1_01092022-000000-1_EN-OL-RC-538_2
VLOG[2] (compute-mfcc-feats[5.5.1058~1-dfd6c]:main():compute-mfcc-feats.cc:182) Processed features for key ap_5-d-2900_ap_5-d-29_kv_iitpowai_01092022-000000-1_EN-OL-RC-538_1
VLOG[2] (compute-mfcc-feats[5.5.1058~1-dfd6c]:main():compute-mfcc-feats.cc:182) Processed features for key ar_5-a-300_ar_5-a-3_kv_bhandupshift1_01092022-000000-1_EN-OL-RC-538_1
VLOG[2] (compute-mfcc-feats[5.5.1058~1-dfd6c]:main():compute-mfcc-feats.cc:182) Processed features for key ar_5-a-300_ar_5-a-3_kv_bhandupshift1_01092022-000000-1_EN-OL-RC-538_2
LOG (compute-mfcc-feats[5.5.1058~1-dfd6c]:main():compute-mfcc-feats.cc:181) Processed 90 utterances
VLOG[2] (compute-mfcc-feats[5.5.1058~1-dfd6c]:main():compute-mfcc-feats.cc:182) Processed features for key as_3-a-2500_as_3-a-25_kv_bhandupshift1_01092022-000000-1_EN-OL-RC-234_2
VLOG[2] (compute-mfcc-feats[5.5.1058~1-dfd6c]:main():compute-mfcc-feats.cc:182) Processed features for key as_4-a-100_as_4-a-1_kv_bhandupshift1_01092022-000000-1_EN-OL-RC-426_1
VLOG[2] (compute-mfcc-feats[5.5.1058~1-dfd6c]:main():compute-mfcc-feats.cc:182) Processed features for key as_4-a-2500_as_4-a-25_kv_bhandupshift1_01092022-000000-1_EN-OL-RC-426_1
VLOG[2] (compute-mfcc-feats[5.5.1058~1-dfd6c]:main():compute-mfcc-feats.cc:182) Processed features for key as_4-a-500_as_4-a-5_kv_bhandupshift1_01092022-000000-1_EN-OL-RC-426_1
VLOG[2] (compute-mfcc-feats[5.5.1058~1-dfd6c]:main():compute-mfcc-feats.cc:182) Processed features for key as_4-b-100_as_4-b-1_kv_aurangabadshift1_01092022-000000-1_EN-OL-RC-426_2
VLOG[2] (compute-mfcc-feats[5.5.1058~1-dfd6c]:main():compute-mfcc-feats.cc:182) Processed features for key as_4-d-1300_as_4-d-13_kv_iitpowai_01092022-000000-1_EN-OL-RC-426_1
VLOG[2] (compute-mfcc-feats[5.5.1058~1-dfd6c]:main():compute-mfcc-feats.cc:182) Processed features for key as_5-a-2400_as_5-a-24_kv_bhandupshift1_01092022-000000-1_EN-OL-RC-538_1
VLOG[2] (compute-mfcc-feats[5.5.1058~1-dfd6c]:main():compute-mfcc-feats.cc:182) Processed features for key as_5-a-2400_as_5-a-24_kv_bhandupshift1_01092022-000000-1_EN-OL-RC-538_2
VLOG[2] (compute-mfcc-feats[5.5.1058~1-dfd6c]:main():compute-mfcc-feats.cc:182) Processed features for key as_5-a-500_as_5-a-5_kv_bhandupshift1_01092022-000000-1_EN-OL-RC-538_1
VLOG[2] (compute-mfcc-feats[5.5.1058~1-dfd6c]:main():compute-mfcc-feats.cc:182) Processed features for key as_5-a-500_as_5-a-5_kv_bhandupshift1_01092022-000000-1_EN-OL-RC-538_2
LOG (compute-mfcc-feats[5.5.1058~1-dfd6c]:main():compute-mfcc-feats.cc:181) Processed 100 utterances
VLOG[2] (compute-mfcc-feats[5.5.1058~1-dfd6c]:main():compute-mfcc-feats.cc:182) Processed features for key as_5-a-500_as_5-a-5_kv_solapur_01092022-000000-1_EN-OL-RC-538_1
LOG (compute-mfcc-feats[5.5.1058~1-dfd6c]:main():compute-mfcc-feats.cc:185)  Done 100 out of 100 utterances.
LOG (copy-feats[5.5.1058~1-dfd6c]:main():copy-feats.cc:143) Copied 100 feature matrices.
# Accounting: time=11 threads=1
# Ended (code 0) at Wed Mar  1 04:17:38 IST 2023, elapsed time 11 seconds
