# compile-train-graphs --read-disambig-syms=data/lang_gop_400_ex_one_sil/phones/disambig.int data/gop_400_examples_canonical/alignments/tree exp_jan_2_wpp/chain/tdnn/../..//chain/tdnn/final.mdl data/lang_gop_400_ex_one_sil/L.fst "ark:utils/sym2int.pl --map-oov 1 -f 2- data/lang_gop_400_ex_one_sil/words.txt data/gop_400_examples_canonical/split8/1/text|" ark:- | nnet3-align-compiled --acoustic-scale=1.0 --transition-scale=1.0 --self-loop-scale=1.0 --online-ivectors=scp:data/gop_400_examples_canonical/alignments/ivectors/ivector_online.scp --online-ivector-period=10 --frame-subsampling-factor=3 --frames-per-chunk=70 --extra-left-context=0 --extra-right-context=0 --extra-left-context-initial=0 --extra-right-context-final=0 --use-gpu=wait --beam=10 --retry-beam=60 exp_jan_2_wpp/chain/tdnn/../..//chain/tdnn/final.mdl ark:- "ark,s,cs:apply-cmvn --norm-means=false --norm-vars=false --utt2spk=ark:data/gop_400_examples_canonical/split8/1/utt2spk scp:data/gop_400_examples_canonical/split8/1/cmvn.scp scp:data/gop_400_examples_canonical/split8/1/feats.scp ark:- |" "ark:|gzip -c >data/gop_400_examples_canonical/alignments/ali.1.gz" 
# Started at Mon Apr 10 16:16:31 IST 2023
#
compile-train-graphs --read-disambig-syms=data/lang_gop_400_ex_one_sil/phones/disambig.int data/gop_400_examples_canonical/alignments/tree exp_jan_2_wpp/chain/tdnn/../..//chain/tdnn/final.mdl data/lang_gop_400_ex_one_sil/L.fst 'ark:utils/sym2int.pl --map-oov 1 -f 2- data/lang_gop_400_ex_one_sil/words.txt data/gop_400_examples_canonical/split8/1/text|' ark:- 
nnet3-align-compiled --acoustic-scale=1.0 --transition-scale=1.0 --self-loop-scale=1.0 --online-ivectors=scp:data/gop_400_examples_canonical/alignments/ivectors/ivector_online.scp --online-ivector-period=10 --frame-subsampling-factor=3 --frames-per-chunk=70 --extra-left-context=0 --extra-right-context=0 --extra-left-context-initial=0 --extra-right-context-final=0 --use-gpu=wait --beam=10 --retry-beam=60 exp_jan_2_wpp/chain/tdnn/../..//chain/tdnn/final.mdl ark:- 'ark,s,cs:apply-cmvn --norm-means=false --norm-vars=false --utt2spk=ark:data/gop_400_examples_canonical/split8/1/utt2spk scp:data/gop_400_examples_canonical/split8/1/cmvn.scp scp:data/gop_400_examples_canonical/split8/1/feats.scp ark:- |' 'ark:|gzip -c >data/gop_400_examples_canonical/alignments/ali.1.gz' 
WARNING (nnet3-align-compiled[5.5.1058~1-dfd6c]:SelectGpuId():cu-device.cc:229) Waited 0 seconds before creating CUDA context
WARNING (nnet3-align-compiled[5.5.1058~1-dfd6c]:SelectGpuId():cu-device.cc:243) Not in compute-exclusive mode.  Suggestion: use 'nvidia-smi -c 3' to set compute exclusive mode
LOG (nnet3-align-compiled[5.5.1058~1-dfd6c]:SelectGpuIdAuto():cu-device.cc:438) Selecting from 2 GPUs
LOG (nnet3-align-compiled[5.5.1058~1-dfd6c]:SelectGpuIdAuto():cu-device.cc:453) cudaSetDevice(0): GeForce RTX 2080 Ti	free:5717M, used:5301M, total:11019M, free/total:0.518873
LOG (nnet3-align-compiled[5.5.1058~1-dfd6c]:SelectGpuIdAuto():cu-device.cc:453) cudaSetDevice(1): GeForce RTX 2080 Ti	free:10365M, used:651M, total:11016M, free/total:0.940883
LOG (nnet3-align-compiled[5.5.1058~1-dfd6c]:SelectGpuIdAuto():cu-device.cc:501) Device: 1, mem_ratio: 0.940883
LOG (nnet3-align-compiled[5.5.1058~1-dfd6c]:SelectGpuId():cu-device.cc:382) Trying to select device: 1
LOG (nnet3-align-compiled[5.5.1058~1-dfd6c]:SelectGpuIdAuto():cu-device.cc:511) Success selecting device 1 free mem ratio: 0.940883
LOG (nnet3-align-compiled[5.5.1058~1-dfd6c]:FinalizeActiveGpu():cu-device.cc:338) The active GPU is [1]: GeForce RTX 2080 Ti	free:4749M, used:6267M, total:11016M, free/total:0.431094 version 7.5
LOG (nnet3-align-compiled[5.5.1058~1-dfd6c]:RemoveOrphanNodes():nnet-nnet.cc:948) Removed 1 orphan nodes.
LOG (nnet3-align-compiled[5.5.1058~1-dfd6c]:RemoveOrphanComponents():nnet-nnet.cc:847) Removing 2 orphan components.
LOG (nnet3-align-compiled[5.5.1058~1-dfd6c]:Collapse():nnet-utils.cc:1488) Added 1 components, removed 2
apply-cmvn --norm-means=false --norm-vars=false --utt2spk=ark:data/gop_400_examples_canonical/split8/1/utt2spk scp:data/gop_400_examples_canonical/split8/1/cmvn.scp scp:data/gop_400_examples_canonical/split8/1/feats.scp ark:- 
LOG (nnet3-align-compiled[5.5.1058~1-dfd6c]:CheckAndFixConfigs():nnet-am-decodable-simple.cc:294) Increasing --frames-per-chunk from 70 to 72 to make it a multiple of --frame-subsampling-factor=3
WARNING (nnet3-align-compiled[5.5.1058~1-dfd6c]:AlignUtteranceWrapper():decoder-wrappers.cc:617) Retrying utterance ad_4-b-2200_ad_4-b-22_kv_aurangabadshift1_01092022-000000-1_EN-OL-RC-426_1 with beam 60
WARNING (nnet3-align-compiled[5.5.1058~1-dfd6c]:AlignUtteranceWrapper():decoder-wrappers.cc:617) Retrying utterance ad_4-c-900_ad_4-c-9_kv_aurangabadshift2_01092022-000000-1_EN-OL-RC-426_1 with beam 60
WARNING (nnet3-align-compiled[5.5.1058~1-dfd6c]:AlignUtteranceWrapper():decoder-wrappers.cc:617) Retrying utterance ag_3-c-1100_ag_3-c-11_kv_aurangabadshift1_01092022-000000-1_EN-OL-RC-234_2 with beam 60
WARNING (nnet3-align-compiled[5.5.1058~1-dfd6c]:AlignUtteranceWrapper():decoder-wrappers.cc:617) Retrying utterance ag_4-b-2100_ag_4-b-21_kv_solapur_01092022-000000-1_EN-OL-RC-426_1 with beam 60
WARNING (nnet3-align-compiled[5.5.1058~1-dfd6c]:AlignUtteranceWrapper():decoder-wrappers.cc:617) Retrying utterance ah_4-a-5200_ah_4-a-52_kv_iitpowai_01092022-000000-1_EN-OL-RC-426_1 with beam 60
WARNING (nnet3-align-compiled[5.5.1058~1-dfd6c]:AlignUtteranceWrapper():decoder-wrappers.cc:617) Retrying utterance aj_4-a-3100_aj_4-a-31_kv_solapur_01092022-000000-1_EN-OL-RC-426_1 with beam 60
LOG (compile-train-graphs[5.5.1058~1-dfd6c]:main():compile-train-graphs.cc:147) compile-train-graphs: succeeded for 51 graphs, failed for 0
LOG (apply-cmvn[5.5.1058~1-dfd6c]:main():apply-cmvn.cc:81) Copied 51 utterances.
LOG (nnet3-align-compiled[5.5.1058~1-dfd6c]:main():nnet3-align-compiled.cc:198) Overall log-likelihood per frame is 1.11992 over 65892 frames.
LOG (nnet3-align-compiled[5.5.1058~1-dfd6c]:main():nnet3-align-compiled.cc:201) Retried 6 out of 51 utterances.
LOG (nnet3-align-compiled[5.5.1058~1-dfd6c]:main():nnet3-align-compiled.cc:203) Done 51, errors on 0
LOG (nnet3-align-compiled[5.5.1058~1-dfd6c]:~CachingOptimizingCompiler():nnet-optimize.cc:710) 0.234 seconds taken in nnet3 compilation total (breakdown: 0.158 compilation, 0.0463 optimization, 0 shortcut expansion, 0.00792 checking, 0.00934 computing indexes, 0.0127 misc.) + 0 I/O.
# Accounting: time=6 threads=1
# Ended (code 0) at Mon Apr 10 16:16:37 IST 2023, elapsed time 6 seconds
