# compile-train-graphs --read-disambig-syms=data/lang_gop_400_ex_one_sil//phones/disambig.int data/gop_400_examples//ali/tree exp_jan_2_wpp//chain/tdnn/final.mdl data/lang_gop_400_ex_one_sil//L.fst "ark:utils/sym2int.pl --map-oov 1 -f 2- data/lang_gop_400_ex_one_sil//words.txt data/gop_400_examples//split4/2/text|" ark:- | nnet3-align-compiled --acoustic-scale=1.0 --transition-scale=1.0 --self-loop-scale=1.0 --online-ivectors=scp:data/gop_400_examples//ali/ivectors/ivector_online.scp --online-ivector-period=10 --frame-subsampling-factor=3 --frames-per-chunk=70 --extra-left-context=0 --extra-right-context=0 --extra-left-context-initial=0 --extra-right-context-final=0 --use-gpu=wait --beam=10 --retry-beam=60 exp_jan_2_wpp//chain/tdnn/final.mdl ark:- "ark,s,cs:apply-cmvn --norm-means=false --norm-vars=false --utt2spk=ark:data/gop_400_examples//split4/2/utt2spk scp:data/gop_400_examples//split4/2/cmvn.scp scp:data/gop_400_examples//split4/2/feats.scp ark:- |" "ark:|gzip -c >data/gop_400_examples//ali/ali.2.gz" 
# Started at Wed Mar  1 04:17:49 IST 2023
#
compile-train-graphs --read-disambig-syms=data/lang_gop_400_ex_one_sil//phones/disambig.int data/gop_400_examples//ali/tree exp_jan_2_wpp//chain/tdnn/final.mdl data/lang_gop_400_ex_one_sil//L.fst 'ark:utils/sym2int.pl --map-oov 1 -f 2- data/lang_gop_400_ex_one_sil//words.txt data/gop_400_examples//split4/2/text|' ark:- 
nnet3-align-compiled --acoustic-scale=1.0 --transition-scale=1.0 --self-loop-scale=1.0 --online-ivectors=scp:data/gop_400_examples//ali/ivectors/ivector_online.scp --online-ivector-period=10 --frame-subsampling-factor=3 --frames-per-chunk=70 --extra-left-context=0 --extra-right-context=0 --extra-left-context-initial=0 --extra-right-context-final=0 --use-gpu=wait --beam=10 --retry-beam=60 exp_jan_2_wpp//chain/tdnn/final.mdl ark:- 'ark,s,cs:apply-cmvn --norm-means=false --norm-vars=false --utt2spk=ark:data/gop_400_examples//split4/2/utt2spk scp:data/gop_400_examples//split4/2/cmvn.scp scp:data/gop_400_examples//split4/2/feats.scp ark:- |' 'ark:|gzip -c >data/gop_400_examples//ali/ali.2.gz' 
sym2int.pl: replacing IR with 1
sym2int.pl: replacing HS with 1
** Replaced 2 instances of OOVs with 1
WARNING (nnet3-align-compiled[5.5.1058~1-dfd6c]:SelectGpuId():cu-device.cc:229) Waited 0 seconds before creating CUDA context
WARNING (nnet3-align-compiled[5.5.1058~1-dfd6c]:SelectGpuId():cu-device.cc:243) Not in compute-exclusive mode.  Suggestion: use 'nvidia-smi -c 3' to set compute exclusive mode
LOG (nnet3-align-compiled[5.5.1058~1-dfd6c]:SelectGpuIdAuto():cu-device.cc:438) Selecting from 2 GPUs
LOG (nnet3-align-compiled[5.5.1058~1-dfd6c]:SelectGpuIdAuto():cu-device.cc:453) cudaSetDevice(0): GeForce RTX 2080 Ti	free:5825M, used:5193M, total:11019M, free/total:0.528674
LOG (nnet3-align-compiled[5.5.1058~1-dfd6c]:SelectGpuIdAuto():cu-device.cc:453) cudaSetDevice(1): GeForce RTX 2080 Ti	free:10400M, used:615M, total:11016M, free/total:0.944111
LOG (nnet3-align-compiled[5.5.1058~1-dfd6c]:SelectGpuIdAuto():cu-device.cc:501) Device: 1, mem_ratio: 0.944111
LOG (nnet3-align-compiled[5.5.1058~1-dfd6c]:SelectGpuId():cu-device.cc:382) Trying to select device: 1
LOG (nnet3-align-compiled[5.5.1058~1-dfd6c]:SelectGpuIdAuto():cu-device.cc:511) Success selecting device 1 free mem ratio: 0.944111
LOG (nnet3-align-compiled[5.5.1058~1-dfd6c]:FinalizeActiveGpu():cu-device.cc:338) The active GPU is [1]: GeForce RTX 2080 Ti	free:9505M, used:1510M, total:11016M, free/total:0.862868 version 7.5
LOG (nnet3-align-compiled[5.5.1058~1-dfd6c]:RemoveOrphanNodes():nnet-nnet.cc:948) Removed 1 orphan nodes.
LOG (nnet3-align-compiled[5.5.1058~1-dfd6c]:RemoveOrphanComponents():nnet-nnet.cc:847) Removing 2 orphan components.
LOG (nnet3-align-compiled[5.5.1058~1-dfd6c]:Collapse():nnet-utils.cc:1488) Added 1 components, removed 2
apply-cmvn --norm-means=false --norm-vars=false --utt2spk=ark:data/gop_400_examples//split4/2/utt2spk scp:data/gop_400_examples//split4/2/cmvn.scp scp:data/gop_400_examples//split4/2/feats.scp ark:- 
LOG (nnet3-align-compiled[5.5.1058~1-dfd6c]:CheckAndFixConfigs():nnet-am-decodable-simple.cc:294) Increasing --frames-per-chunk from 70 to 72 to make it a multiple of --frame-subsampling-factor=3
WARNING (nnet3-align-compiled[5.5.1058~1-dfd6c]:AlignUtteranceWrapper():decoder-wrappers.cc:617) Retrying utterance at_4-a-1300_at_4-a-13_kv_iitpowai_01092022-000000-1_EN-OL-RC-426_1 with beam 60
WARNING (nnet3-align-compiled[5.5.1058~1-dfd6c]:AlignUtteranceWrapper():decoder-wrappers.cc:617) Retrying utterance dk_4-b-2400_dk_4-b-24_kv_iitpowai_01092022-000000-1_EN-OL-RC-426_1 with beam 60
LOG (compile-train-graphs[5.5.1058~1-dfd6c]:main():compile-train-graphs.cc:147) compile-train-graphs: succeeded for 100 graphs, failed for 0
LOG (apply-cmvn[5.5.1058~1-dfd6c]:main():apply-cmvn.cc:81) Copied 100 utterances.
LOG (nnet3-align-compiled[5.5.1058~1-dfd6c]:main():nnet3-align-compiled.cc:198) Overall log-likelihood per frame is 1.17256 over 122308 frames.
LOG (nnet3-align-compiled[5.5.1058~1-dfd6c]:main():nnet3-align-compiled.cc:201) Retried 2 out of 100 utterances.
LOG (nnet3-align-compiled[5.5.1058~1-dfd6c]:main():nnet3-align-compiled.cc:203) Done 100, errors on 0
LOG (nnet3-align-compiled[5.5.1058~1-dfd6c]:~CachingOptimizingCompiler():nnet-optimize.cc:710) 0.443 seconds taken in nnet3 compilation total (breakdown: 0.296 compilation, 0.0878 optimization, 0 shortcut expansion, 0.0156 checking, 0.013 computing indexes, 0.0308 misc.) + 0 I/O.
# Accounting: time=15 threads=1
# Ended (code 0) at Wed Mar  1 04:18:04 IST 2023, elapsed time 15 seconds
