# compute-mfcc-feats --write-utt2dur=ark,t:data/gop_400_examples_canonical/log/utt2dur.8 --verbose=2 --config=conf/mfcc_hires.conf scp,p:data/gop_400_examples_canonical/log/wav_gop_400_examples_canonical.8.scp ark:- | copy-feats --write-num-frames=ark,t:data/gop_400_examples_canonical/log/utt2num_frames.8 --compress=true ark:- ark,scp:/media/run/kaldi/egs/gop_speechocean762/s5/data/gop_400_examples_canonical/data/raw_mfcc_gop_400_examples_canonical.8.ark,/media/run/kaldi/egs/gop_speechocean762/s5/data/gop_400_examples_canonical/data/raw_mfcc_gop_400_examples_canonical.8.scp 
# Started at Mon Apr 10 16:14:10 IST 2023
#
compute-mfcc-feats --write-utt2dur=ark,t:data/gop_400_examples_canonical/log/utt2dur.8 --verbose=2 --config=conf/mfcc_hires.conf scp,p:data/gop_400_examples_canonical/log/wav_gop_400_examples_canonical.8.scp ark:- 
copy-feats --write-num-frames=ark,t:data/gop_400_examples_canonical/log/utt2num_frames.8 --compress=true ark:- ark,scp:/media/run/kaldi/egs/gop_speechocean762/s5/data/gop_400_examples_canonical/data/raw_mfcc_gop_400_examples_canonical.8.ark,/media/run/kaldi/egs/gop_speechocean762/s5/data/gop_400_examples_canonical/data/raw_mfcc_gop_400_examples_canonical.8.scp 
VLOG[2] (compute-mfcc-feats[5.5.1058~1-dfd6c]:main():compute-mfcc-feats.cc:182) Processed features for key ss_5-a-4500_ss_5-a-45_kv_bhandupshift1_01092022-000000-1_EN-OL-RC-538_1
VLOG[2] (compute-mfcc-feats[5.5.1058~1-dfd6c]:main():compute-mfcc-feats.cc:182) Processed features for key ss_5-a-4500_ss_5-a-45_kv_bhandupshift1_01092022-000000-1_EN-OL-RC-538_2
VLOG[2] (compute-mfcc-feats[5.5.1058~1-dfd6c]:main():compute-mfcc-feats.cc:182) Processed features for key st_4-c-1800_st_4-c-18_kv_iitpowai_01092022-000000-1_EN-OL-RC-426_1
VLOG[2] (compute-mfcc-feats[5.5.1058~1-dfd6c]:main():compute-mfcc-feats.cc:182) Processed features for key st_5-b-2100_st_5-b-21_kv_solapur_01092022-000000-1_EN-OL-RC-538_1
VLOG[2] (compute-mfcc-feats[5.5.1058~1-dfd6c]:main():compute-mfcc-feats.cc:182) Processed features for key sw_4-a-1800_sw_4-a-18_kv_iitpowai_01092022-000000-1_EN-OL-RC-426_1
VLOG[2] (compute-mfcc-feats[5.5.1058~1-dfd6c]:main():compute-mfcc-feats.cc:182) Processed features for key sx_3-b-600_sx_3-b-6_kv_solapur_01092022-000000-1_EN-OL-RC-234_1
VLOG[2] (compute-mfcc-feats[5.5.1058~1-dfd6c]:main():compute-mfcc-feats.cc:182) Processed features for key tb_5-b-3200_tb_5-b-32_kv_dhule_01092022-000000-1_EN-OL-RC-538_1
VLOG[2] (compute-mfcc-feats[5.5.1058~1-dfd6c]:main():compute-mfcc-feats.cc:182) Processed features for key td_5-d-2300_td_5-d-23_kv_iitpowai_01092022-000000-1_EN-OL-RC-538_1
VLOG[2] (compute-mfcc-feats[5.5.1058~1-dfd6c]:main():compute-mfcc-feats.cc:182) Processed features for key tl_4-a-2000_tl_4-a-20_kv_bhandupshift1_01092022-000000-1_EN-OL-RC-426_1
LOG (compute-mfcc-feats[5.5.1058~1-dfd6c]:main():compute-mfcc-feats.cc:181) Processed 10 utterances
VLOG[2] (compute-mfcc-feats[5.5.1058~1-dfd6c]:main():compute-mfcc-feats.cc:182) Processed features for key tm_3-d-5200_tm_3-d-52_kv_iitpowai_01092022-000000-1_EN-OL-RC-234_1
VLOG[2] (compute-mfcc-feats[5.5.1058~1-dfd6c]:main():compute-mfcc-feats.cc:182) Processed features for key tm_5-b-1700_tm_5-b-17_kv_bhandupshift1_01092022-000000-1_EN-OL-RC-538_1
VLOG[2] (compute-mfcc-feats[5.5.1058~1-dfd6c]:main():compute-mfcc-feats.cc:182) Processed features for key tm_5-b-1700_tm_5-b-17_kv_bhandupshift1_01092022-000000-1_EN-OL-RC-538_2
VLOG[2] (compute-mfcc-feats[5.5.1058~1-dfd6c]:main():compute-mfcc-feats.cc:182) Processed features for key tp_4-b-1200_tp_4-b-12_kv_aurangabadshift1_01092022-000000-1_EN-OL-RC-426_1
VLOG[2] (compute-mfcc-feats[5.5.1058~1-dfd6c]:main():compute-mfcc-feats.cc:182) Processed features for key tp_4-b-1200_tp_4-b-12_kv_aurangabadshift1_01092022-000000-1_EN-OL-RC-426_2
VLOG[2] (compute-mfcc-feats[5.5.1058~1-dfd6c]:main():compute-mfcc-feats.cc:182) Processed features for key ts_5-b-4500_ts_5-b-45_kv_bhandupshift1_01092022-000000-1_EN-OL-RC-538_1
VLOG[2] (compute-mfcc-feats[5.5.1058~1-dfd6c]:main():compute-mfcc-feats.cc:182) Processed features for key ts_5-b-4500_ts_5-b-45_kv_bhandupshift1_01092022-000000-1_EN-OL-RC-538_2
VLOG[2] (compute-mfcc-feats[5.5.1058~1-dfd6c]:main():compute-mfcc-feats.cc:182) Processed features for key ty_5-a-4900_ty_5-a-49_kv_bhandupshift1_01092022-000000-1_EN-OL-RC-538_1
VLOG[2] (compute-mfcc-feats[5.5.1058~1-dfd6c]:main():compute-mfcc-feats.cc:182) Processed features for key ty_5-a-4900_ty_5-a-49_kv_bhandupshift1_01092022-000000-1_EN-OL-RC-538_2
VLOG[2] (compute-mfcc-feats[5.5.1058~1-dfd6c]:main():compute-mfcc-feats.cc:182) Processed features for key ua_4-a-2200_ua_4-a-22_kv_bhandupshift1_01092022-000000-1_EN-OL-RC-426_1
LOG (compute-mfcc-feats[5.5.1058~1-dfd6c]:main():compute-mfcc-feats.cc:181) Processed 20 utterances
VLOG[2] (compute-mfcc-feats[5.5.1058~1-dfd6c]:main():compute-mfcc-feats.cc:182) Processed features for key um_5-a-1600_um_5-a-16_kv_aurangabadshift1_01092022-000000-1_EN-OL-RC-538_2
VLOG[2] (compute-mfcc-feats[5.5.1058~1-dfd6c]:main():compute-mfcc-feats.cc:182) Processed features for key um_5-a-2000_um_5-a-20_kv_bhandupshift1_01092022-000000-1_EN-OL-RC-538_1
VLOG[2] (compute-mfcc-feats[5.5.1058~1-dfd6c]:main():compute-mfcc-feats.cc:182) Processed features for key um_5-a-2000_um_5-a-20_kv_bhandupshift1_01092022-000000-1_EN-OL-RC-538_2
VLOG[2] (compute-mfcc-feats[5.5.1058~1-dfd6c]:main():compute-mfcc-feats.cc:182) Processed features for key up_5-a-4700_up_5-a-47_kv_dhule_01092022-000000-1_EN-OL-RC-538_2
VLOG[2] (compute-mfcc-feats[5.5.1058~1-dfd6c]:main():compute-mfcc-feats.cc:182) Processed features for key ur_3-a-4300_ur_3-a-43_kv_aurangabadshift1_01092022-000000-1_EN-OL-RC-234_2
VLOG[2] (compute-mfcc-feats[5.5.1058~1-dfd6c]:main():compute-mfcc-feats.cc:182) Processed features for key vb_4-a-5000_vb_4-a-50_kv_dhule_01092022-000000-1_EN-OL-RC-426_1
VLOG[2] (compute-mfcc-feats[5.5.1058~1-dfd6c]:main():compute-mfcc-feats.cc:182) Processed features for key vb_5-a-2300_vb_5-a-23_kv_aurangabadshift2_01092022-000000-1_EN-OL-RC-538_2
VLOG[2] (compute-mfcc-feats[5.5.1058~1-dfd6c]:main():compute-mfcc-feats.cc:182) Processed features for key vd_5-a-4700_vd_5-a-47_kv_bhandupshift1_01092022-000000-1_EN-OL-RC-538_1
VLOG[2] (compute-mfcc-feats[5.5.1058~1-dfd6c]:main():compute-mfcc-feats.cc:182) Processed features for key vd_5-a-4700_vd_5-a-47_kv_bhandupshift1_01092022-000000-1_EN-OL-RC-538_2
VLOG[2] (compute-mfcc-feats[5.5.1058~1-dfd6c]:main():compute-mfcc-feats.cc:182) Processed features for key vd_5-b-3400_vd_5-b-34_kv_solapur_01092022-000000-1_EN-OL-RC-538_1
LOG (compute-mfcc-feats[5.5.1058~1-dfd6c]:main():compute-mfcc-feats.cc:181) Processed 30 utterances
VLOG[2] (compute-mfcc-feats[5.5.1058~1-dfd6c]:main():compute-mfcc-feats.cc:182) Processed features for key vi_5-d-2200_vi_5-d-22_kv_iitpowai_01092022-000000-1_EN-OL-RC-538_1
VLOG[2] (compute-mfcc-feats[5.5.1058~1-dfd6c]:main():compute-mfcc-feats.cc:182) Processed features for key vj_3-b-1200_vj_3-b-12_kv_aurangabadshift1_01092022-000000-1_EN-OL-RC-234_2
VLOG[2] (compute-mfcc-feats[5.5.1058~1-dfd6c]:main():compute-mfcc-feats.cc:182) Processed features for key vk_3-b-3500_vk_3-b-35_kv_aurangabadshift1_01092022-000000-1_EN-OL-RC-234_1
VLOG[2] (compute-mfcc-feats[5.5.1058~1-dfd6c]:main():compute-mfcc-feats.cc:182) Processed features for key vk_3-b-3500_vk_3-b-35_kv_aurangabadshift1_01092022-000000-1_EN-OL-RC-234_2
VLOG[2] (compute-mfcc-feats[5.5.1058~1-dfd6c]:main():compute-mfcc-feats.cc:182) Processed features for key vk_4-a-4700_vk_4-a-47_kv_aurangabadshift1_01092022-000000-1_EN-OL-RC-426_1
VLOG[2] (compute-mfcc-feats[5.5.1058~1-dfd6c]:main():compute-mfcc-feats.cc:182) Processed features for key vk_5-a-1700_vk_5-a-17_kv_aurangabadshift1_01092022-000000-1_EN-OL-RC-538_1
VLOG[2] (compute-mfcc-feats[5.5.1058~1-dfd6c]:main():compute-mfcc-feats.cc:182) Processed features for key vk_5-a-6700_vk_5-a-67_kv_jalgaon_01092022-000000-1_EN-OL-RC-538_1
VLOG[2] (compute-mfcc-feats[5.5.1058~1-dfd6c]:main():compute-mfcc-feats.cc:182) Processed features for key vk_5-b-2400_vk_5-b-24_kv_solapur_01092022-000000-1_EN-OL-RC-538_1
VLOG[2] (compute-mfcc-feats[5.5.1058~1-dfd6c]:main():compute-mfcc-feats.cc:182) Processed features for key vm_5-a-4400_vm_5-a-44_kv_solapur_01092022-000000-1_EN-OL-RC-538_1
VLOG[2] (compute-mfcc-feats[5.5.1058~1-dfd6c]:main():compute-mfcc-feats.cc:182) Processed features for key vp_5-a-2100_vp_5-a-21_kv_iitpowai_01092022-000000-1_EN-OL-RC-538_1
LOG (compute-mfcc-feats[5.5.1058~1-dfd6c]:main():compute-mfcc-feats.cc:181) Processed 40 utterances
VLOG[2] (compute-mfcc-feats[5.5.1058~1-dfd6c]:main():compute-mfcc-feats.cc:182) Processed features for key vs_5-a-1900_vs_5-a-19_kv_aurangabadshift1_01092022-000000-1_EN-OL-RC-538_1
VLOG[2] (compute-mfcc-feats[5.5.1058~1-dfd6c]:main():compute-mfcc-feats.cc:182) Processed features for key vs_5-a-1900_vs_5-a-19_kv_aurangabadshift1_01092022-000000-1_EN-OL-RC-538_2
VLOG[2] (compute-mfcc-feats[5.5.1058~1-dfd6c]:main():compute-mfcc-feats.cc:182) Processed features for key vs_5-b-1900_vs_5-b-19_kv_aurangabadshift2_01092022-000000-1_EN-OL-RC-538_2
VLOG[2] (compute-mfcc-feats[5.5.1058~1-dfd6c]:main():compute-mfcc-feats.cc:182) Processed features for key vs_5-b-4100_vs_5-b-41_kv_aurangabadshift1_01092022-000000-1_EN-OL-RC-538_1
VLOG[2] (compute-mfcc-feats[5.5.1058~1-dfd6c]:main():compute-mfcc-feats.cc:182) Processed features for key vs_5-b-4100_vs_5-b-41_kv_aurangabadshift1_01092022-000000-1_EN-OL-RC-538_2
VLOG[2] (compute-mfcc-feats[5.5.1058~1-dfd6c]:main():compute-mfcc-feats.cc:182) Processed features for key vs_5-b-4700_vs_5-b-47_kv_bhandupshift1_01092022-000000-1_EN-OL-RC-538_1
VLOG[2] (compute-mfcc-feats[5.5.1058~1-dfd6c]:main():compute-mfcc-feats.cc:182) Processed features for key vs_5-b-4700_vs_5-b-47_kv_bhandupshift1_01092022-000000-1_EN-OL-RC-538_2
VLOG[2] (compute-mfcc-feats[5.5.1058~1-dfd6c]:main():compute-mfcc-feats.cc:182) Processed features for key vt_3-d-5900_vt_3-d-59_kv_iitpowai_01092022-000000-1_EN-OL-RC-234_1
VLOG[2] (compute-mfcc-feats[5.5.1058~1-dfd6c]:main():compute-mfcc-feats.cc:182) Processed features for key vt_5-a-4200_vt_5-a-42_kv_solapur_01092022-000000-1_EN-OL-RC-538_2
VLOG[2] (compute-mfcc-feats[5.5.1058~1-dfd6c]:main():compute-mfcc-feats.cc:182) Processed features for key yp_4-a-4200_yp_4-a-42_kv_insmandovi_01092022-000000-1_EN-OL-RC-426_1
LOG (compute-mfcc-feats[5.5.1058~1-dfd6c]:main():compute-mfcc-feats.cc:181) Processed 50 utterances
VLOG[2] (compute-mfcc-feats[5.5.1058~1-dfd6c]:main():compute-mfcc-feats.cc:182) Processed features for key zz_4-b-4200_zz_4-b-42_kv_bhandupshift1_01092022-000000-1_EN-OL-RC-426_1
LOG (compute-mfcc-feats[5.5.1058~1-dfd6c]:main():compute-mfcc-feats.cc:185)  Done 50 out of 50 utterances.
LOG (copy-feats[5.5.1058~1-dfd6c]:main():copy-feats.cc:143) Copied 50 feature matrices.
# Accounting: time=7 threads=1
# Ended (code 0) at Mon Apr 10 16:14:17 IST 2023, elapsed time 7 seconds
