# compute-mfcc-feats --write-utt2dur=ark,t:data/dec_gop_572_nnet3/log/utt2dur.4 --verbose=2 --config=conf/mfcc_hires.conf scp,p:data/dec_gop_572_nnet3/log/wav_dec_gop_572_nnet3.4.scp ark:- | copy-feats --write-num-frames=ark,t:data/dec_gop_572_nnet3/log/utt2num_frames.4 --compress=true ark:- ark,scp:/media/run/kaldi/egs/gop_speechocean762/s5/data/dec_gop_572_nnet3/data/raw_mfcc_dec_gop_572_nnet3.4.ark,/media/run/kaldi/egs/gop_speechocean762/s5/data/dec_gop_572_nnet3/data/raw_mfcc_dec_gop_572_nnet3.4.scp 
# Started at Tue Jun 27 03:03:39 IST 2023
#
copy-feats --write-num-frames=ark,t:data/dec_gop_572_nnet3/log/utt2num_frames.4 --compress=true ark:- ark,scp:/media/run/kaldi/egs/gop_speechocean762/s5/data/dec_gop_572_nnet3/data/raw_mfcc_dec_gop_572_nnet3.4.ark,/media/run/kaldi/egs/gop_speechocean762/s5/data/dec_gop_572_nnet3/data/raw_mfcc_dec_gop_572_nnet3.4.scp 
compute-mfcc-feats --write-utt2dur=ark,t:data/dec_gop_572_nnet3/log/utt2dur.4 --verbose=2 --config=conf/mfcc_hires.conf scp,p:data/dec_gop_572_nnet3/log/wav_dec_gop_572_nnet3.4.scp ark:- 
VLOG[2] (compute-mfcc-feats[5.5.1058~1-dfd6c]:main():compute-mfcc-feats.cc:182) Processed features for key es_5-b-45_kv_aurangabadshift1_01092022-000000-1_EN-OL-RC-538_1
VLOG[2] (compute-mfcc-feats[5.5.1058~1-dfd6c]:main():compute-mfcc-feats.cc:182) Processed features for key fk_3-b-7_kv_bhandupshift1_01092022-000000-1_EN-OL-RC-234_2
VLOG[2] (compute-mfcc-feats[5.5.1058~1-dfd6c]:main():compute-mfcc-feats.cc:182) Processed features for key ga_3-b-20_kv_iitpowai_01092022-000000-1_EN-OL-RC-234_2
VLOG[2] (compute-mfcc-feats[5.5.1058~1-dfd6c]:main():compute-mfcc-feats.cc:182) Processed features for key gb_3-d-32_kv_iitpowai_01092022-000000-1_EN-OL-RC-234_1
VLOG[2] (compute-mfcc-feats[5.5.1058~1-dfd6c]:main():compute-mfcc-feats.cc:182) Processed features for key gb_4-b-11_kv_aurangabadshift2_01092022-000000-1_EN-OL-RC-426_1
VLOG[2] (compute-mfcc-feats[5.5.1058~1-dfd6c]:main():compute-mfcc-feats.cc:182) Processed features for key gb_4-b-11_kv_aurangabadshift2_01092022-000000-1_EN-OL-RC-426_2
VLOG[2] (compute-mfcc-feats[5.5.1058~1-dfd6c]:main():compute-mfcc-feats.cc:182) Processed features for key gc_5-a-35_kv_bhandupshift1_01092022-000000-1_EN-OL-RC-538_1
VLOG[2] (compute-mfcc-feats[5.5.1058~1-dfd6c]:main():compute-mfcc-feats.cc:182) Processed features for key gc_5-a-35_kv_bhandupshift1_01092022-000000-1_EN-OL-RC-538_2
VLOG[2] (compute-mfcc-feats[5.5.1058~1-dfd6c]:main():compute-mfcc-feats.cc:182) Processed features for key gk_4-a-7_kv_solapur_01092022-000000-1_EN-OL-RC-426_1
LOG (compute-mfcc-feats[5.5.1058~1-dfd6c]:main():compute-mfcc-feats.cc:181) Processed 10 utterances
VLOG[2] (compute-mfcc-feats[5.5.1058~1-dfd6c]:main():compute-mfcc-feats.cc:182) Processed features for key gk_5-a-18_kv_jalgaon_01092022-000000-1_EN-OL-RC-538_2
VLOG[2] (compute-mfcc-feats[5.5.1058~1-dfd6c]:main():compute-mfcc-feats.cc:182) Processed features for key gn_5-a-15_kv_solapur_01092022-000000-1_EN-OL-RC-538_1
VLOG[2] (compute-mfcc-feats[5.5.1058~1-dfd6c]:main():compute-mfcc-feats.cc:182) Processed features for key gp_4-a-33_kv_iitpowai_01092022-000000-1_EN-OL-RC-426_1
VLOG[2] (compute-mfcc-feats[5.5.1058~1-dfd6c]:main():compute-mfcc-feats.cc:182) Processed features for key gp_5-b-34_kv_dhule_01092022-000000-1_EN-OL-RC-538_1
VLOG[2] (compute-mfcc-feats[5.5.1058~1-dfd6c]:main():compute-mfcc-feats.cc:182) Processed features for key gr_5-b-37_kv_iitpowai_01092022-000000-1_EN-OL-RC-538_1
VLOG[2] (compute-mfcc-feats[5.5.1058~1-dfd6c]:main():compute-mfcc-feats.cc:182) Processed features for key gr_5-b-37_kv_iitpowai_01092022-000000-1_EN-OL-RC-538_2
VLOG[2] (compute-mfcc-feats[5.5.1058~1-dfd6c]:main():compute-mfcc-feats.cc:182) Processed features for key gs_4-d-9_kv_bhandupshift1_01092022-000000-1_EN-OL-RC-426_1
VLOG[2] (compute-mfcc-feats[5.5.1058~1-dfd6c]:main():compute-mfcc-feats.cc:182) Processed features for key gs_5-d-29_kv_bhandupshift1_01092022-000000-1_EN-OL-RC-538_2
VLOG[2] (compute-mfcc-feats[5.5.1058~1-dfd6c]:main():compute-mfcc-feats.cc:182) Processed features for key gt_3-a-8_kv_bhandupshift1_01092022-000000-1_EN-OL-RC-234_2
VLOG[2] (compute-mfcc-feats[5.5.1058~1-dfd6c]:main():compute-mfcc-feats.cc:182) Processed features for key gx_5-a-16_kv_solapur_01092022-000000-1_EN-OL-RC-538_1
LOG (compute-mfcc-feats[5.5.1058~1-dfd6c]:main():compute-mfcc-feats.cc:181) Processed 20 utterances
VLOG[2] (compute-mfcc-feats[5.5.1058~1-dfd6c]:main():compute-mfcc-feats.cc:182) Processed features for key hb_3-b-37_kv_dhule_01092022-000000-1_EN-OL-RC-234_2
VLOG[2] (compute-mfcc-feats[5.5.1058~1-dfd6c]:main():compute-mfcc-feats.cc:182) Processed features for key hm_3-a-7_kv_dhule_01092022-000000-1_EN-OL-RC-234_2
VLOG[2] (compute-mfcc-feats[5.5.1058~1-dfd6c]:main():compute-mfcc-feats.cc:182) Processed features for key hp_4-d-29_kv_bhandupshift1_01092022-000000-1_EN-OL-RC-426_1
VLOG[2] (compute-mfcc-feats[5.5.1058~1-dfd6c]:main():compute-mfcc-feats.cc:182) Processed features for key hp_5-b-30_kv_aurangabadshift1_01092022-000000-1_EN-OL-RC-538_1
VLOG[2] (compute-mfcc-feats[5.5.1058~1-dfd6c]:main():compute-mfcc-feats.cc:182) Processed features for key hp_5-b-30_kv_aurangabadshift1_01092022-000000-1_EN-OL-RC-538_2
VLOG[2] (compute-mfcc-feats[5.5.1058~1-dfd6c]:main():compute-mfcc-feats.cc:182) Processed features for key hp_5-b-54_kv_dhule_01092022-000000-1_EN-OL-RC-538_1
VLOG[2] (compute-mfcc-feats[5.5.1058~1-dfd6c]:main():compute-mfcc-feats.cc:182) Processed features for key hp_5-b-54_kv_dhule_01092022-000000-1_EN-OL-RC-538_2
VLOG[2] (compute-mfcc-feats[5.5.1058~1-dfd6c]:main():compute-mfcc-feats.cc:182) Processed features for key hp_5-b-7_kv_dhule_01092022-000000-1_EN-OL-RC-538_1
VLOG[2] (compute-mfcc-feats[5.5.1058~1-dfd6c]:main():compute-mfcc-feats.cc:182) Processed features for key hp_5-b-7_kv_dhule_01092022-000000-1_EN-OL-RC-538_2
VLOG[2] (compute-mfcc-feats[5.5.1058~1-dfd6c]:main():compute-mfcc-feats.cc:182) Processed features for key hp_5-b-9_kv_dhule_01092022-000000-1_EN-OL-RC-538_1
LOG (compute-mfcc-feats[5.5.1058~1-dfd6c]:main():compute-mfcc-feats.cc:181) Processed 30 utterances
VLOG[2] (compute-mfcc-feats[5.5.1058~1-dfd6c]:main():compute-mfcc-feats.cc:182) Processed features for key hr_3-a-49_kv_iitpowai_01092022-000000-1_EN-OL-RC-234_1
VLOG[2] (compute-mfcc-feats[5.5.1058~1-dfd6c]:main():compute-mfcc-feats.cc:182) Processed features for key hs_5-c-46_kv_iitpowai_01092022-000000-1_EN-OL-RC-538_2
VLOG[2] (compute-mfcc-feats[5.5.1058~1-dfd6c]:main():compute-mfcc-feats.cc:182) Processed features for key ht_4-b-8_kv_bhandupshift1_01092022-000000-1_EN-OL-RC-426_2
VLOG[2] (compute-mfcc-feats[5.5.1058~1-dfd6c]:main():compute-mfcc-feats.cc:182) Processed features for key hw_3-b-48_kv_solapur_01092022-000000-1_EN-OL-RC-234_1
VLOG[2] (compute-mfcc-feats[5.5.1058~1-dfd6c]:main():compute-mfcc-feats.cc:182) Processed features for key hx_3-b-14_kv_insmandovi_01092022-000000-1_EN-OL-RC-234_2
VLOG[2] (compute-mfcc-feats[5.5.1058~1-dfd6c]:main():compute-mfcc-feats.cc:182) Processed features for key is_4-a-18_kv_insmandovi_01092022-000000-1_EN-OL-RC-426_1
VLOG[2] (compute-mfcc-feats[5.5.1058~1-dfd6c]:main():compute-mfcc-feats.cc:182) Processed features for key jf_4-c-39_kv_iitpowai_01092022-000000-1_EN-OL-RC-426_1
VLOG[2] (compute-mfcc-feats[5.5.1058~1-dfd6c]:main():compute-mfcc-feats.cc:182) Processed features for key jp_4-a-30_kv_dhule_01092022-000000-1_EN-OL-RC-426_2
VLOG[2] (compute-mfcc-feats[5.5.1058~1-dfd6c]:main():compute-mfcc-feats.cc:182) Processed features for key jp_4-b-11_kv_dhule_01092022-000000-1_EN-OL-RC-426_1
VLOG[2] (compute-mfcc-feats[5.5.1058~1-dfd6c]:main():compute-mfcc-feats.cc:182) Processed features for key jt_4-a-7_kv_dhule_01092022-000000-1_EN-OL-RC-426_1
LOG (compute-mfcc-feats[5.5.1058~1-dfd6c]:main():compute-mfcc-feats.cc:181) Processed 40 utterances
VLOG[2] (compute-mfcc-feats[5.5.1058~1-dfd6c]:main():compute-mfcc-feats.cc:182) Processed features for key ka_3-c-14_kv_bhandupshift1_01092022-000000-1_EN-OL-RC-234_1
VLOG[2] (compute-mfcc-feats[5.5.1058~1-dfd6c]:main():compute-mfcc-feats.cc:182) Processed features for key ka_5-b-33_kv_bhandupshift1_01092022-000000-1_EN-OL-RC-538_1
VLOG[2] (compute-mfcc-feats[5.5.1058~1-dfd6c]:main():compute-mfcc-feats.cc:182) Processed features for key ka_5-b-33_kv_bhandupshift1_01092022-000000-1_EN-OL-RC-538_2
VLOG[2] (compute-mfcc-feats[5.5.1058~1-dfd6c]:main():compute-mfcc-feats.cc:182) Processed features for key ki_5-a-3_kv_aurangabadshift1_01092022-000000-1_EN-OL-RC-538_1
VLOG[2] (compute-mfcc-feats[5.5.1058~1-dfd6c]:main():compute-mfcc-feats.cc:182) Processed features for key ki_5-a-3_kv_aurangabadshift1_01092022-000000-1_EN-OL-RC-538_2
VLOG[2] (compute-mfcc-feats[5.5.1058~1-dfd6c]:main():compute-mfcc-feats.cc:182) Processed features for key kk_3-a-29_kv_bhandupshift1_01092022-000000-1_EN-OL-RC-234_1
VLOG[2] (compute-mfcc-feats[5.5.1058~1-dfd6c]:main():compute-mfcc-feats.cc:182) Processed features for key kk_5-a-32_kv_dhule_01092022-000000-1_EN-OL-RC-538_1
VLOG[2] (compute-mfcc-feats[5.5.1058~1-dfd6c]:main():compute-mfcc-feats.cc:182) Processed features for key kk_5-a-36_kv_bhandupshift1_01092022-000000-1_EN-OL-RC-538_2
VLOG[2] (compute-mfcc-feats[5.5.1058~1-dfd6c]:main():compute-mfcc-feats.cc:182) Processed features for key km_5-b-12_kv_bhandupshift1_01092022-000000-1_EN-OL-RC-538_2
VLOG[2] (compute-mfcc-feats[5.5.1058~1-dfd6c]:main():compute-mfcc-feats.cc:182) Processed features for key km_5-b-12_kv_bhandupshift1_01092022-000000-2_EN-OL-RC-538_1
LOG (compute-mfcc-feats[5.5.1058~1-dfd6c]:main():compute-mfcc-feats.cc:181) Processed 50 utterances
VLOG[2] (compute-mfcc-feats[5.5.1058~1-dfd6c]:main():compute-mfcc-feats.cc:182) Processed features for key km_5-c-6_kv_aurangabadshift1_01092022-000000-1_EN-OL-RC-538_2
VLOG[2] (compute-mfcc-feats[5.5.1058~1-dfd6c]:main():compute-mfcc-feats.cc:182) Processed features for key kn_4-a-51_kv_iitpowai_01092022-000000-1_EN-OL-RC-426_1
VLOG[2] (compute-mfcc-feats[5.5.1058~1-dfd6c]:main():compute-mfcc-feats.cc:182) Processed features for key kn_5-d-32_kv_bhandupshift1_01092022-000000-1_EN-OL-RC-538_1
VLOG[2] (compute-mfcc-feats[5.5.1058~1-dfd6c]:main():compute-mfcc-feats.cc:182) Processed features for key kr_3-b-22_kv_aurangabadshift2_01092022-000000-1_EN-OL-RC-234_2
VLOG[2] (compute-mfcc-feats[5.5.1058~1-dfd6c]:main():compute-mfcc-feats.cc:182) Processed features for key ks_3-d-19_kv_iitpowai_01092022-000000-1_EN-OL-RC-234_2
VLOG[2] (compute-mfcc-feats[5.5.1058~1-dfd6c]:main():compute-mfcc-feats.cc:182) Processed features for key kt_4-c-17_kv_iitpowai_01092022-000000-1_EN-OL-RC-426_1
VLOG[2] (compute-mfcc-feats[5.5.1058~1-dfd6c]:main():compute-mfcc-feats.cc:182) Processed features for key lb_5-a-18_kv_insmandovi_01092022-000000-1_EN-OL-RC-538_1
VLOG[2] (compute-mfcc-feats[5.5.1058~1-dfd6c]:main():compute-mfcc-feats.cc:182) Processed features for key lp_3-b-13_kv_dhule_01092022-000000-1_EN-OL-RC-234_2
VLOG[2] (compute-mfcc-feats[5.5.1058~1-dfd6c]:main():compute-mfcc-feats.cc:182) Processed features for key lp_5-a-28_kv_aurangabadshift1_01092022-000000-1_EN-OL-RC-538_1
VLOG[2] (compute-mfcc-feats[5.5.1058~1-dfd6c]:main():compute-mfcc-feats.cc:182) Processed features for key ma_4-b-29_kv_iitpowai_01092022-000000-1_EN-OL-RC-426_1
LOG (compute-mfcc-feats[5.5.1058~1-dfd6c]:main():compute-mfcc-feats.cc:181) Processed 60 utterances
VLOG[2] (compute-mfcc-feats[5.5.1058~1-dfd6c]:main():compute-mfcc-feats.cc:182) Processed features for key mb_3-a-31_kv_dhule_01092022-000000-1_EN-OL-RC-234_1
VLOG[2] (compute-mfcc-feats[5.5.1058~1-dfd6c]:main():compute-mfcc-feats.cc:182) Processed features for key mb_3-a-31_kv_dhule_01092022-000000-1_EN-OL-RC-234_2
VLOG[2] (compute-mfcc-feats[5.5.1058~1-dfd6c]:main():compute-mfcc-feats.cc:182) Processed features for key mb_5-a-35_kv_dhule_01092022-000000-1_EN-OL-RC-538_1
VLOG[2] (compute-mfcc-feats[5.5.1058~1-dfd6c]:main():compute-mfcc-feats.cc:182) Processed features for key md_4-a-19_kv_iitpowai_01092022-000000-1_EN-OL-RC-426_1
VLOG[2] (compute-mfcc-feats[5.5.1058~1-dfd6c]:main():compute-mfcc-feats.cc:182) Processed features for key md_4-a-30_kv_jalgaon_01092022-000000-1_EN-OL-RC-426_1
VLOG[2] (compute-mfcc-feats[5.5.1058~1-dfd6c]:main():compute-mfcc-feats.cc:182) Processed features for key mg_5-a-6_kv_aurangabadshift1_01092022-000000-1_EN-OL-RC-538_2
VLOG[2] (compute-mfcc-feats[5.5.1058~1-dfd6c]:main():compute-mfcc-feats.cc:182) Processed features for key mj_5-b-22_kv_iitpowai_01092022-000000-1_EN-OL-RC-538_1
VLOG[2] (compute-mfcc-feats[5.5.1058~1-dfd6c]:main():compute-mfcc-feats.cc:182) Processed features for key mj_5-b-22_kv_iitpowai_01092022-000000-1_EN-OL-RC-538_2
VLOG[2] (compute-mfcc-feats[5.5.1058~1-dfd6c]:main():compute-mfcc-feats.cc:182) Processed features for key mk_3-d-32_kv_bhandupshift1_01092022-000000-1_EN-OL-RC-234_2
VLOG[2] (compute-mfcc-feats[5.5.1058~1-dfd6c]:main():compute-mfcc-feats.cc:182) Processed features for key mk_4-d-32_kv_bhandupshift1_01092022-000000-1_EN-OL-RC-426_1
LOG (compute-mfcc-feats[5.5.1058~1-dfd6c]:main():compute-mfcc-feats.cc:181) Processed 70 utterances
VLOG[2] (compute-mfcc-feats[5.5.1058~1-dfd6c]:main():compute-mfcc-feats.cc:182) Processed features for key mk_5-a-48_kv_iitpowai_01092022-000000-2_EN-OL-RC-538_1
VLOG[2] (compute-mfcc-feats[5.5.1058~1-dfd6c]:main():compute-mfcc-feats.cc:182) Processed features for key mk_5-a-7_kv_aurangabadshift1_01092022-000000-2_EN-OL-RC-538_1
VLOG[2] (compute-mfcc-feats[5.5.1058~1-dfd6c]:main():compute-mfcc-feats.cc:182) Processed features for key mk_5-a-7_kv_aurangabadshift1_01092022-000000-2_EN-OL-RC-538_2
LOG (compute-mfcc-feats[5.5.1058~1-dfd6c]:main():compute-mfcc-feats.cc:185)  Done 72 out of 72 utterances.
LOG (copy-feats[5.5.1058~1-dfd6c]:main():copy-feats.cc:143) Copied 72 feature matrices.
# Accounting: time=5 threads=1
# Ended (code 0) at Tue Jun 27 03:03:44 IST 2023, elapsed time 5 seconds
