# compile-train-graphs --read-disambig-syms=/media/run/kaldi/egs/iitm_baseline/English_ASR_Challenge/asr/data/lang_gop_ph//phones/disambig.int data/dec_gop_572_gm/alignments/tree exp_nnet3/nnet3_cleaned/tdnn_sp//final.mdl /media/run/kaldi/egs/iitm_baseline/English_ASR_Challenge/asr/data/lang_gop_ph//L.fst "ark:utils/sym2int.pl --map-oov 1 -f 2- /media/run/kaldi/egs/iitm_baseline/English_ASR_Challenge/asr/data/lang_gop_ph//words.txt data/dec_gop_572_gm/split4/3/text|" ark:- | nnet3-align-compiled --acoustic-scale=1.0 --transition-scale=0.1 --self-loop-scale=0.1 --online-ivectors=scp:data/dec_gop_572_gm/alignments/ivectors/ivector_online.scp --online-ivector-period=10 --frames-per-chunk=70 --extra-left-context=0 --extra-right-context=0 --extra-left-context-initial=0 --extra-right-context-final=0 --use-gpu=wait --beam=20 --retry-beam=170 --careful=true exp_nnet3/nnet3_cleaned/tdnn_sp//final.mdl ark:- "ark,s,cs:apply-cmvn --norm-means=false --norm-vars=false --utt2spk=ark:data/dec_gop_572_gm/split4/3/utt2spk scp:data/dec_gop_572_gm/split4/3/cmvn.scp scp:data/dec_gop_572_gm/split4/3/feats.scp ark:- |" "ark:|gzip -c >data/dec_gop_572_gm/alignments/ali.3.gz" 
# Started at Sat Jun 24 18:22:02 IST 2023
#
compile-train-graphs --read-disambig-syms=/media/run/kaldi/egs/iitm_baseline/English_ASR_Challenge/asr/data/lang_gop_ph//phones/disambig.int data/dec_gop_572_gm/alignments/tree exp_nnet3/nnet3_cleaned/tdnn_sp//final.mdl /media/run/kaldi/egs/iitm_baseline/English_ASR_Challenge/asr/data/lang_gop_ph//L.fst 'ark:utils/sym2int.pl --map-oov 1 -f 2- /media/run/kaldi/egs/iitm_baseline/English_ASR_Challenge/asr/data/lang_gop_ph//words.txt data/dec_gop_572_gm/split4/3/text|' ark:- 
nnet3-align-compiled --acoustic-scale=1.0 --transition-scale=0.1 --self-loop-scale=0.1 --online-ivectors=scp:data/dec_gop_572_gm/alignments/ivectors/ivector_online.scp --online-ivector-period=10 --frames-per-chunk=70 --extra-left-context=0 --extra-right-context=0 --extra-left-context-initial=0 --extra-right-context-final=0 --use-gpu=wait --beam=20 --retry-beam=170 --careful=true exp_nnet3/nnet3_cleaned/tdnn_sp//final.mdl ark:- 'ark,s,cs:apply-cmvn --norm-means=false --norm-vars=false --utt2spk=ark:data/dec_gop_572_gm/split4/3/utt2spk scp:data/dec_gop_572_gm/split4/3/cmvn.scp scp:data/dec_gop_572_gm/split4/3/feats.scp ark:- |' 'ark:|gzip -c >data/dec_gop_572_gm/alignments/ali.3.gz' 
WARNING (nnet3-align-compiled[5.5.1058~1-dfd6c]:SelectGpuId():cu-device.cc:229) Waited 0 seconds before creating CUDA context
WARNING (nnet3-align-compiled[5.5.1058~1-dfd6c]:SelectGpuId():cu-device.cc:243) Not in compute-exclusive mode.  Suggestion: use 'nvidia-smi -c 3' to set compute exclusive mode
LOG (nnet3-align-compiled[5.5.1058~1-dfd6c]:SelectGpuIdAuto():cu-device.cc:438) Selecting from 2 GPUs
LOG (nnet3-align-compiled[5.5.1058~1-dfd6c]:SelectGpuIdAuto():cu-device.cc:453) cudaSetDevice(0): GeForce RTX 2080 Ti	free:8009M, used:3009M, total:11019M, free/total:0.726892
LOG (nnet3-align-compiled[5.5.1058~1-dfd6c]:SelectGpuIdAuto():cu-device.cc:453) cudaSetDevice(1): GeForce RTX 2080 Ti	free:6577M, used:4438M, total:11016M, free/total:0.597109
LOG (nnet3-align-compiled[5.5.1058~1-dfd6c]:SelectGpuIdAuto():cu-device.cc:501) Device: 0, mem_ratio: 0.726892
LOG (nnet3-align-compiled[5.5.1058~1-dfd6c]:SelectGpuId():cu-device.cc:382) Trying to select device: 0
LOG (nnet3-align-compiled[5.5.1058~1-dfd6c]:SelectGpuIdAuto():cu-device.cc:511) Success selecting device 0 free mem ratio: 0.726892
LOG (nnet3-align-compiled[5.5.1058~1-dfd6c]:FinalizeActiveGpu():cu-device.cc:338) The active GPU is [0]: GeForce RTX 2080 Ti	free:7633M, used:3385M, total:11019M, free/total:0.69277 version 7.5
LOG (nnet3-align-compiled[5.5.1058~1-dfd6c]:RemoveOrphanNodes():nnet-nnet.cc:948) Removed 0 orphan nodes.
LOG (nnet3-align-compiled[5.5.1058~1-dfd6c]:RemoveOrphanComponents():nnet-nnet.cc:847) Removing 0 orphan components.
apply-cmvn --norm-means=false --norm-vars=false --utt2spk=ark:data/dec_gop_572_gm/split4/3/utt2spk scp:data/dec_gop_572_gm/split4/3/cmvn.scp scp:data/dec_gop_572_gm/split4/3/feats.scp ark:- 
WARNING (nnet3-align-compiled[5.5.1058~1-dfd6c]:AlignUtteranceWrapper():decoder-wrappers.cc:617) Retrying utterance mk_5-d-1_kv_iitpowai_01092022-000000-1_EN-OL-RC-538_2 with beam 170
WARNING (nnet3-align-compiled[5.5.1058~1-dfd6c]:AlignUtteranceWrapper():decoder-wrappers.cc:626) Did not successfully decode file mk_5-d-1_kv_iitpowai_01092022-000000-1_EN-OL-RC-538_2, len = 5908
WARNING (nnet3-align-compiled[5.5.1058~1-dfd6c]:AlignUtteranceWrapper():decoder-wrappers.cc:617) Retrying utterance mm_5-d-10_kv_bhandupshift1_01092022-000000-1_EN-OL-RC-538_2 with beam 170
WARNING (nnet3-align-compiled[5.5.1058~1-dfd6c]:AlignUtteranceWrapper():decoder-wrappers.cc:617) Retrying utterance ms_3-c-38_kv_bhandupshift1_01092022-000000-1_EN-OL-RC-234_2 with beam 170
WARNING (nnet3-align-compiled[5.5.1058~1-dfd6c]:AlignUtteranceWrapper():decoder-wrappers.cc:617) Retrying utterance na_5-a-15_kv_bhandupshift1_01092022-000000-1_EN-OL-RC-538_1 with beam 170
WARNING (nnet3-align-compiled[5.5.1058~1-dfd6c]:AlignUtteranceWrapper():decoder-wrappers.cc:617) Retrying utterance na_5-a-15_kv_bhandupshift1_01092022-000000-1_EN-OL-RC-538_2 with beam 170
WARNING (nnet3-align-compiled[5.5.1058~1-dfd6c]:AlignUtteranceWrapper():decoder-wrappers.cc:617) Retrying utterance nk_5-a-54_kv_dhule_01092022-000000-1_EN-OL-RC-538_1 with beam 170
WARNING (nnet3-align-compiled[5.5.1058~1-dfd6c]:AlignUtteranceWrapper():decoder-wrappers.cc:617) Retrying utterance nm_5-a-9_kv_aurangabadshift1_01092022-000000-1_EN-OL-RC-538_1 with beam 170
WARNING (nnet3-align-compiled[5.5.1058~1-dfd6c]:AlignUtteranceWrapper():decoder-wrappers.cc:617) Retrying utterance om_5-d-12_kv_bhandupshift1_01092022-000000-1_EN-OL-RC-538_2 with beam 170
WARNING (nnet3-align-compiled[5.5.1058~1-dfd6c]:AlignUtteranceWrapper():decoder-wrappers.cc:617) Retrying utterance pa_3-a-34_kv_bhandupshift1_01092022-000000-1_EN-OL-RC-234_1 with beam 170
WARNING (nnet3-align-compiled[5.5.1058~1-dfd6c]:AlignUtteranceWrapper():decoder-wrappers.cc:617) Retrying utterance pk_4-b-40_kv_solapur_01092022-000000-1_EN-OL-RC-426_1 with beam 170
WARNING (nnet3-align-compiled[5.5.1058~1-dfd6c]:AlignUtteranceWrapper():decoder-wrappers.cc:617) Retrying utterance pl_5-a-30_kv_aurangabadshift1_01092022-000000-1_EN-OL-RC-538_2 with beam 170
WARNING (nnet3-align-compiled[5.5.1058~1-dfd6c]:AlignUtteranceWrapper():decoder-wrappers.cc:617) Retrying utterance pp_5-a-25_kv_insmandovi_01092022-000000-1_EN-OL-RC-538_1 with beam 170
WARNING (nnet3-align-compiled[5.5.1058~1-dfd6c]:AlignUtteranceWrapper():decoder-wrappers.cc:617) Retrying utterance pr_5-a-15_kv_aurangabadshift2_01092022-000000-1_EN-OL-RC-538_1 with beam 170
WARNING (nnet3-align-compiled[5.5.1058~1-dfd6c]:AlignUtteranceWrapper():decoder-wrappers.cc:617) Retrying utterance ps_3-b-41_kv_aurangabadshift1_01092022-000000-1_EN-OL-RC-234_1 with beam 170
WARNING (nnet3-align-compiled[5.5.1058~1-dfd6c]:AlignUtteranceWrapper():decoder-wrappers.cc:617) Retrying utterance py_3-a-11_kv_bhandupshift1_01092022-000000-1_EN-OL-RC-234_2 with beam 170
WARNING (nnet3-align-compiled[5.5.1058~1-dfd6c]:AlignUtteranceWrapper():decoder-wrappers.cc:617) Retrying utterance rk_5-b-36_kv_bhandupshift1_01092022-000000-1_EN-OL-RC-538_1 with beam 170
WARNING (nnet3-align-compiled[5.5.1058~1-dfd6c]:AlignUtteranceWrapper():decoder-wrappers.cc:617) Retrying utterance rn_5-a-36_kv_aurangabadshift1_01092022-000000-2_EN-OL-RC-538_2 with beam 170
WARNING (nnet3-align-compiled[5.5.1058~1-dfd6c]:AlignUtteranceWrapper():decoder-wrappers.cc:617) Retrying utterance rp_5-a-53_kv_dhule_01092022-000000-1_EN-OL-RC-538_1 with beam 170
WARNING (nnet3-align-compiled[5.5.1058~1-dfd6c]:AlignUtteranceWrapper():decoder-wrappers.cc:617) Retrying utterance rs_3-a-42_kv_dhule_01092022-000000-1_EN-OL-RC-234_1 with beam 170
WARNING (nnet3-align-compiled[5.5.1058~1-dfd6c]:AlignUtteranceWrapper():decoder-wrappers.cc:617) Retrying utterance rs_5-a-18_kv_bhandupshift1_01092022-000000-1_EN-OL-RC-538_1 with beam 170
WARNING (nnet3-align-compiled[5.5.1058~1-dfd6c]:AlignUtteranceWrapper():decoder-wrappers.cc:617) Retrying utterance sb_5-a-13_kv_aurangabadshift1_01092022-000000-1_EN-OL-RC-538_2 with beam 170
WARNING (nnet3-align-compiled[5.5.1058~1-dfd6c]:AlignUtteranceWrapper():decoder-wrappers.cc:617) Retrying utterance sb_5-c-14_kv_aurangabadshift2_01092022-000000-1_EN-OL-RC-538_1 with beam 170
WARNING (nnet3-align-compiled[5.5.1058~1-dfd6c]:AlignUtteranceWrapper():decoder-wrappers.cc:617) Retrying utterance sc_4-b-41_kv_iitpowai_01092022-000000-1_EN-OL-RC-426_2 with beam 170
WARNING (nnet3-align-compiled[5.5.1058~1-dfd6c]:AlignUtteranceWrapper():decoder-wrappers.cc:617) Retrying utterance sd_4-b-29_kv_aurangabadshift2_01092022-000000-1_EN-OL-RC-426_1 with beam 170
WARNING (nnet3-align-compiled[5.5.1058~1-dfd6c]:AlignUtteranceWrapper():decoder-wrappers.cc:617) Retrying utterance sg_3-c-29_kv_iitpowai_01092022-000000-1_EN-OL-RC-234_1 with beam 170
WARNING (nnet3-align-compiled[5.5.1058~1-dfd6c]:AlignUtteranceWrapper():decoder-wrappers.cc:617) Retrying utterance sg_4-d-50_kv_iitpowai_01092022-000000-1_EN-OL-RC-426_2 with beam 170
WARNING (nnet3-align-compiled[5.5.1058~1-dfd6c]:AlignUtteranceWrapper():decoder-wrappers.cc:617) Retrying utterance sg_4-d-5_kv_iitpowai_01092022-000000-1_EN-OL-RC-426_2 with beam 170
LOG (apply-cmvn[5.5.1058~1-dfd6c]:main():apply-cmvn.cc:81) Copied 142 utterances.
LOG (compile-train-graphs[5.5.1058~1-dfd6c]:main():compile-train-graphs.cc:147) compile-train-graphs: succeeded for 142 graphs, failed for 0
LOG (nnet3-align-compiled[5.5.1058~1-dfd6c]:main():nnet3-align-compiled.cc:198) Overall log-likelihood per frame is 4.58154 over 523208 frames.
LOG (nnet3-align-compiled[5.5.1058~1-dfd6c]:main():nnet3-align-compiled.cc:201) Retried 27 out of 142 utterances.
LOG (nnet3-align-compiled[5.5.1058~1-dfd6c]:main():nnet3-align-compiled.cc:203) Done 141, errors on 1
LOG (nnet3-align-compiled[5.5.1058~1-dfd6c]:~CachingOptimizingCompiler():nnet-optimize.cc:710) 0.0398 seconds taken in nnet3 compilation total (breakdown: 0.0152 compilation, 0.00455 optimization, 0 shortcut expansion, 0.000898 checking, 0.00103 computing indexes, 0.0182 misc.) + 0 I/O.
# Accounting: time=19 threads=1
# Ended (code 0) at Sat Jun 24 18:22:21 IST 2023, elapsed time 19 seconds
