# compile-train-graphs --read-disambig-syms=data/lang_gop_400_ex_one_sil//phones/disambig.int data/gop_572_data_nnet3/alignments/tree exp_nnet3//nnet3_cleaned/tdnn_sp/final.mdl data/lang_gop_400_ex_one_sil//L.fst "ark:utils/sym2int.pl --map-oov 1 -f 2- data/lang_gop_400_ex_one_sil//words.txt data/gop_572_data_nnet3//split4/3/text|" ark:- | nnet3-align-compiled --acoustic-scale=0.1 --transition-scale=1.0 --self-loop-scale=0.1 --online-ivectors=scp:data/gop_572_data_nnet3/alignments/ivectors/ivector_online.scp --online-ivector-period=10 --frames-per-chunk=70 --extra-left-context=0 --extra-right-context=0 --extra-left-context-initial=0 --extra-right-context-final=0 --use-gpu=no --beam=20 --retry-beam=200 --careful=false exp_nnet3//nnet3_cleaned/tdnn_sp/final.mdl ark:- "ark,s,cs:apply-cmvn --norm-means=false --norm-vars=false --utt2spk=ark:data/gop_572_data_nnet3//split4/3/utt2spk scp:data/gop_572_data_nnet3//split4/3/cmvn.scp scp:data/gop_572_data_nnet3//split4/3/feats.scp ark:- |" "ark:|gzip -c >data/gop_572_data_nnet3/alignments/ali.3.gz" 
# Started at Sun Jun 25 18:53:30 IST 2023
#
compile-train-graphs --read-disambig-syms=data/lang_gop_400_ex_one_sil//phones/disambig.int data/gop_572_data_nnet3/alignments/tree exp_nnet3//nnet3_cleaned/tdnn_sp/final.mdl data/lang_gop_400_ex_one_sil//L.fst 'ark:utils/sym2int.pl --map-oov 1 -f 2- data/lang_gop_400_ex_one_sil//words.txt data/gop_572_data_nnet3//split4/3/text|' ark:- 
nnet3-align-compiled --acoustic-scale=0.1 --transition-scale=1.0 --self-loop-scale=0.1 --online-ivectors=scp:data/gop_572_data_nnet3/alignments/ivectors/ivector_online.scp --online-ivector-period=10 --frames-per-chunk=70 --extra-left-context=0 --extra-right-context=0 --extra-left-context-initial=0 --extra-right-context-final=0 --use-gpu=no --beam=20 --retry-beam=200 --careful=false exp_nnet3//nnet3_cleaned/tdnn_sp/final.mdl ark:- 'ark,s,cs:apply-cmvn --norm-means=false --norm-vars=false --utt2spk=ark:data/gop_572_data_nnet3//split4/3/utt2spk scp:data/gop_572_data_nnet3//split4/3/cmvn.scp scp:data/gop_572_data_nnet3//split4/3/feats.scp ark:- |' 'ark:|gzip -c >data/gop_572_data_nnet3/alignments/ali.3.gz' 
LOG (nnet3-align-compiled[5.5.1058~1-dfd6c]:SelectGpuId():cu-device.cc:168) Manually selected to compute on CPU.
sym2int.pl: replacing पिक्टर्स with 1
sym2int.pl: replacing इस्केप with 1
sym2int.pl: replacing बटफ with 1
sym2int.pl: replacing शेफ़ाड with 1
sym2int.pl: replacing वेन्फ with 1
sym2int.pl: replacing इस्केप with 1
sym2int.pl: replacing भिलेज with 1
sym2int.pl: replacing रिबर with 1
sym2int.pl: replacing सिपलेड with 1
sym2int.pl: replacing काउटेन्ग with 1
sym2int.pl: replacing लिज़ार्ड with 1
sym2int.pl: replacing क्रिचर with 1
sym2int.pl: replacing सेफाड with 1
sym2int.pl: replacing हुम with 1
sym2int.pl: replacing सेपाड with 1
sym2int.pl: replacing थॉर्नस with 1
sym2int.pl: replacing शेपर with 1
sym2int.pl: replacing शेपल with 1
sym2int.pl: replacing ou with 1
sym2int.pl: replacing मैगनीफाइन with 1
sym2int.pl: not warning for OOVs any more times
** Replaced 57 instances of OOVs with 1
LOG (nnet3-align-compiled[5.5.1058~1-dfd6c]:RemoveOrphanNodes():nnet-nnet.cc:948) Removed 1 orphan nodes.
LOG (nnet3-align-compiled[5.5.1058~1-dfd6c]:RemoveOrphanComponents():nnet-nnet.cc:847) Removing 2 orphan components.
LOG (nnet3-align-compiled[5.5.1058~1-dfd6c]:Collapse():nnet-utils.cc:1488) Added 1 components, removed 2
apply-cmvn --norm-means=false --norm-vars=false --utt2spk=ark:data/gop_572_data_nnet3//split4/3/utt2spk scp:data/gop_572_data_nnet3//split4/3/cmvn.scp scp:data/gop_572_data_nnet3//split4/3/feats.scp ark:- 
LOG (apply-cmvn[5.5.1058~1-dfd6c]:main():apply-cmvn.cc:81) Copied 142 utterances.
LOG (compile-train-graphs[5.5.1058~1-dfd6c]:main():compile-train-graphs.cc:147) compile-train-graphs: succeeded for 142 graphs, failed for 0
LOG (nnet3-align-compiled[5.5.1058~1-dfd6c]:main():nnet3-align-compiled.cc:198) Overall log-likelihood per frame is 3.57222 over 529116 frames.
LOG (nnet3-align-compiled[5.5.1058~1-dfd6c]:main():nnet3-align-compiled.cc:201) Retried 0 out of 142 utterances.
LOG (nnet3-align-compiled[5.5.1058~1-dfd6c]:main():nnet3-align-compiled.cc:203) Done 142, errors on 0
LOG (nnet3-align-compiled[5.5.1058~1-dfd6c]:~CachingOptimizingCompiler():nnet-optimize.cc:710) 0.0486 seconds taken in nnet3 compilation total (breakdown: 0.0159 compilation, 0.00429 optimization, 0 shortcut expansion, 0.000841 checking, 2.07e-05 computing indexes, 0.0276 misc.) + 0 I/O.
# Accounting: time=247 threads=1
# Ended (code 0) at Sun Jun 25 18:57:37 IST 2023, elapsed time 247 seconds
