# compile-train-graphs --read-disambig-syms=/media/run/kaldi/egs/iitm_baseline/English_ASR_Challenge/asr/data/lang_free_phone_loop//phones/disambig.int data/gop_examples_free_phone/alignments/tree exp_jan_2_wpp/chain/tdnn/../..//chain/tdnn/final.mdl /media/run/kaldi/egs/iitm_baseline/English_ASR_Challenge/asr/data/lang_free_phone_loop//L.fst "ark:utils/sym2int.pl --map-oov 1 -f 2- /media/run/kaldi/egs/iitm_baseline/English_ASR_Challenge/asr/data/lang_free_phone_loop//words.txt data/gop_examples_free_phone/split2/2/text|" ark:- | nnet3-align-compiled --acoustic-scale=1.0 --transition-scale=1.0 --self-loop-scale=1.0 --online-ivectors=scp:data/gop_examples_free_phone/alignments/ivectors/ivector_online.scp --online-ivector-period=10 --frame-subsampling-factor=3 --frames-per-chunk=70 --extra-left-context=0 --extra-right-context=0 --extra-left-context-initial=0 --extra-right-context-final=0 --use-gpu=wait --beam=10 --retry-beam=60 exp_jan_2_wpp/chain/tdnn/../..//chain/tdnn/final.mdl ark:- "ark,s,cs:apply-cmvn --norm-means=false --norm-vars=false --utt2spk=ark:data/gop_examples_free_phone/split2/2/utt2spk scp:data/gop_examples_free_phone/split2/2/cmvn.scp scp:data/gop_examples_free_phone/split2/2/feats.scp ark:- |" "ark:|gzip -c >data/gop_examples_free_phone/alignments/ali.2.gz" 
# Started at Wed Feb 22 16:32:10 IST 2023
#
compile-train-graphs --read-disambig-syms=/media/run/kaldi/egs/iitm_baseline/English_ASR_Challenge/asr/data/lang_free_phone_loop//phones/disambig.int data/gop_examples_free_phone/alignments/tree exp_jan_2_wpp/chain/tdnn/../..//chain/tdnn/final.mdl /media/run/kaldi/egs/iitm_baseline/English_ASR_Challenge/asr/data/lang_free_phone_loop//L.fst 'ark:utils/sym2int.pl --map-oov 1 -f 2- /media/run/kaldi/egs/iitm_baseline/English_ASR_Challenge/asr/data/lang_free_phone_loop//words.txt data/gop_examples_free_phone/split2/2/text|' ark:- 
sym2int.pl: replacing B_EY_AH_R_Z with 1
sym2int.pl: replacing AA_R with 1
sym2int.pl: replacing F_AW_N_D with 1
sym2int.pl: replacing IH_N with 1
sym2int.pl: replacing AE_F_R_IH_K_AA with 1
sym2int.pl: replacing AE_N_D with 1
sym2int.pl: replacing AH_M_AH_R_IH_K_AA with 1
sym2int.pl: replacing DH_EY with 1
sym2int.pl: replacing B_IH_G with 1
sym2int.pl: replacing B_AO_D_EH_S_T with 1
sym2int.pl: replacing W_IH_DH with 1
sym2int.pl: replacing SH_AO_T with 1
sym2int.pl: replacing T_EY_L_S with 1
sym2int.pl: replacing AE_N_D with 1
sym2int.pl: replacing TH_IH_K with 1
sym2int.pl: replacing L_EH_G_Z with 1
sym2int.pl: replacing P_OW_L_AA_R with 1
sym2int.pl: replacing B_IY_AH_R_Z with 1
sym2int.pl: replacing W_IH_CH with 1
sym2int.pl: replacing L_IH_W with 1
sym2int.pl: not warning for OOVs any more times
** Replaced 292 instances of OOVs with 1
LOG (compile-train-graphs[5.5.1058~1-dfd6c]:main():compile-train-graphs.cc:147) compile-train-graphs: succeeded for 6 graphs, failed for 0
nnet3-align-compiled --acoustic-scale=1.0 --transition-scale=1.0 --self-loop-scale=1.0 --online-ivectors=scp:data/gop_examples_free_phone/alignments/ivectors/ivector_online.scp --online-ivector-period=10 --frame-subsampling-factor=3 --frames-per-chunk=70 --extra-left-context=0 --extra-right-context=0 --extra-left-context-initial=0 --extra-right-context-final=0 --use-gpu=wait --beam=10 --retry-beam=60 exp_jan_2_wpp/chain/tdnn/../..//chain/tdnn/final.mdl ark:- 'ark,s,cs:apply-cmvn --norm-means=false --norm-vars=false --utt2spk=ark:data/gop_examples_free_phone/split2/2/utt2spk scp:data/gop_examples_free_phone/split2/2/cmvn.scp scp:data/gop_examples_free_phone/split2/2/feats.scp ark:- |' 'ark:|gzip -c >data/gop_examples_free_phone/alignments/ali.2.gz' 
WARNING (nnet3-align-compiled[5.5.1058~1-dfd6c]:SelectGpuId():cu-device.cc:229) Waited 0 seconds before creating CUDA context
WARNING (nnet3-align-compiled[5.5.1058~1-dfd6c]:SelectGpuId():cu-device.cc:243) Not in compute-exclusive mode.  Suggestion: use 'nvidia-smi -c 3' to set compute exclusive mode
LOG (nnet3-align-compiled[5.5.1058~1-dfd6c]:SelectGpuIdAuto():cu-device.cc:438) Selecting from 2 GPUs
LOG (nnet3-align-compiled[5.5.1058~1-dfd6c]:SelectGpuIdAuto():cu-device.cc:453) cudaSetDevice(0): GeForce RTX 2080 Ti	free:10732M, used:286M, total:11019M, free/total:0.973978
LOG (nnet3-align-compiled[5.5.1058~1-dfd6c]:SelectGpuIdAuto():cu-device.cc:453) cudaSetDevice(1): GeForce RTX 2080 Ti	free:10729M, used:286M, total:11016M, free/total:0.973976
LOG (nnet3-align-compiled[5.5.1058~1-dfd6c]:SelectGpuIdAuto():cu-device.cc:501) Device: 0, mem_ratio: 0.973978
LOG (nnet3-align-compiled[5.5.1058~1-dfd6c]:SelectGpuId():cu-device.cc:382) Trying to select device: 0
LOG (nnet3-align-compiled[5.5.1058~1-dfd6c]:SelectGpuIdAuto():cu-device.cc:511) Success selecting device 0 free mem ratio: 0.973978
LOG (nnet3-align-compiled[5.5.1058~1-dfd6c]:FinalizeActiveGpu():cu-device.cc:338) The active GPU is [0]: GeForce RTX 2080 Ti	free:9948M, used:1070M, total:11019M, free/total:0.902831 version 7.5
LOG (nnet3-align-compiled[5.5.1058~1-dfd6c]:RemoveOrphanNodes():nnet-nnet.cc:948) Removed 1 orphan nodes.
LOG (nnet3-align-compiled[5.5.1058~1-dfd6c]:RemoveOrphanComponents():nnet-nnet.cc:847) Removing 2 orphan components.
LOG (nnet3-align-compiled[5.5.1058~1-dfd6c]:Collapse():nnet-utils.cc:1488) Added 1 components, removed 2
apply-cmvn --norm-means=false --norm-vars=false --utt2spk=ark:data/gop_examples_free_phone/split2/2/utt2spk scp:data/gop_examples_free_phone/split2/2/cmvn.scp scp:data/gop_examples_free_phone/split2/2/feats.scp ark:- 
LOG (nnet3-align-compiled[5.5.1058~1-dfd6c]:CheckAndFixConfigs():nnet-am-decodable-simple.cc:294) Increasing --frames-per-chunk from 70 to 72 to make it a multiple of --frame-subsampling-factor=3
LOG (apply-cmvn[5.5.1058~1-dfd6c]:main():apply-cmvn.cc:81) Copied 6 utterances.
LOG (nnet3-align-compiled[5.5.1058~1-dfd6c]:main():nnet3-align-compiled.cc:198) Overall log-likelihood per frame is 0.273636 over 7714 frames.
LOG (nnet3-align-compiled[5.5.1058~1-dfd6c]:main():nnet3-align-compiled.cc:201) Retried 0 out of 6 utterances.
LOG (nnet3-align-compiled[5.5.1058~1-dfd6c]:main():nnet3-align-compiled.cc:203) Done 6, errors on 0
LOG (nnet3-align-compiled[5.5.1058~1-dfd6c]:~CachingOptimizingCompiler():nnet-optimize.cc:710) 0.0753 seconds taken in nnet3 compilation total (breakdown: 0.0539 compilation, 0.0136 optimization, 0 shortcut expansion, 0.0023 checking, 0.00221 computing indexes, 0.00324 misc.) + 0 I/O.
# Accounting: time=3 threads=1
# Ended (code 0) at Wed Feb 22 16:32:13 IST 2023, elapsed time 3 seconds
