# compile-train-graphs --read-disambig-syms=data/lang_gop_400_ex_one_sil/phones/disambig.int data/synthetic_gop/alignments/tree exp_jan_2_wpp/chain/tdnn/../..//chain/tdnn/final.mdl data/lang_gop_400_ex_one_sil/L.fst "ark:utils/sym2int.pl --map-oov 1 -f 2- data/lang_gop_400_ex_one_sil/words.txt data/synthetic_gop/split8/5/text|" ark:- | nnet3-align-compiled --acoustic-scale=1.0 --transition-scale=1.0 --self-loop-scale=1.0 --online-ivectors=scp:data/synthetic_gop/alignments/ivectors/ivector_online.scp --online-ivector-period=10 --frame-subsampling-factor=3 --frames-per-chunk=70 --extra-left-context=0 --extra-right-context=0 --extra-left-context-initial=0 --extra-right-context-final=0 --use-gpu=wait --beam=10 --retry-beam=60 exp_jan_2_wpp/chain/tdnn/../..//chain/tdnn/final.mdl ark:- "ark,s,cs:apply-cmvn --norm-means=false --norm-vars=false --utt2spk=ark:data/synthetic_gop/split8/5/utt2spk scp:data/synthetic_gop/split8/5/cmvn.scp scp:data/synthetic_gop/split8/5/feats.scp ark:- |" "ark:|gzip -c >data/synthetic_gop/alignments/ali.5.gz" 
# Started at Thu Mar 30 04:00:34 IST 2023
#
compile-train-graphs --read-disambig-syms=data/lang_gop_400_ex_one_sil/phones/disambig.int data/synthetic_gop/alignments/tree exp_jan_2_wpp/chain/tdnn/../..//chain/tdnn/final.mdl data/lang_gop_400_ex_one_sil/L.fst 'ark:utils/sym2int.pl --map-oov 1 -f 2- data/lang_gop_400_ex_one_sil/words.txt data/synthetic_gop/split8/5/text|' ark:- 
nnet3-align-compiled --acoustic-scale=1.0 --transition-scale=1.0 --self-loop-scale=1.0 --online-ivectors=scp:data/synthetic_gop/alignments/ivectors/ivector_online.scp --online-ivector-period=10 --frame-subsampling-factor=3 --frames-per-chunk=70 --extra-left-context=0 --extra-right-context=0 --extra-left-context-initial=0 --extra-right-context-final=0 --use-gpu=wait --beam=10 --retry-beam=60 exp_jan_2_wpp/chain/tdnn/../..//chain/tdnn/final.mdl ark:- 'ark,s,cs:apply-cmvn --norm-means=false --norm-vars=false --utt2spk=ark:data/synthetic_gop/split8/5/utt2spk scp:data/synthetic_gop/split8/5/cmvn.scp scp:data/synthetic_gop/split8/5/feats.scp ark:- |' 'ark:|gzip -c >data/synthetic_gop/alignments/ali.5.gz' 
WARNING (nnet3-align-compiled[5.5.1058~1-dfd6c]:SelectGpuId():cu-device.cc:229) Waited 0 seconds before creating CUDA context
WARNING (nnet3-align-compiled[5.5.1058~1-dfd6c]:SelectGpuId():cu-device.cc:243) Not in compute-exclusive mode.  Suggestion: use 'nvidia-smi -c 3' to set compute exclusive mode
LOG (nnet3-align-compiled[5.5.1058~1-dfd6c]:SelectGpuIdAuto():cu-device.cc:438) Selecting from 2 GPUs
LOG (nnet3-align-compiled[5.5.1058~1-dfd6c]:SelectGpuIdAuto():cu-device.cc:453) cudaSetDevice(0): GeForce RTX 2080 Ti	free:10812M, used:206M, total:11019M, free/total:0.981238
LOG (nnet3-align-compiled[5.5.1058~1-dfd6c]:SelectGpuIdAuto():cu-device.cc:453) cudaSetDevice(1): GeForce RTX 2080 Ti	free:10725M, used:291M, total:11016M, free/total:0.973562
LOG (nnet3-align-compiled[5.5.1058~1-dfd6c]:SelectGpuIdAuto():cu-device.cc:501) Device: 0, mem_ratio: 0.981238
LOG (nnet3-align-compiled[5.5.1058~1-dfd6c]:SelectGpuId():cu-device.cc:382) Trying to select device: 0
LOG (nnet3-align-compiled[5.5.1058~1-dfd6c]:SelectGpuIdAuto():cu-device.cc:511) Success selecting device 0 free mem ratio: 0.981238
LOG (nnet3-align-compiled[5.5.1058~1-dfd6c]:FinalizeActiveGpu():cu-device.cc:338) The active GPU is [0]: GeForce RTX 2080 Ti	free:9988M, used:1030M, total:11019M, free/total:0.906461 version 7.5
LOG (nnet3-align-compiled[5.5.1058~1-dfd6c]:RemoveOrphanNodes():nnet-nnet.cc:948) Removed 1 orphan nodes.
LOG (nnet3-align-compiled[5.5.1058~1-dfd6c]:RemoveOrphanComponents():nnet-nnet.cc:847) Removing 2 orphan components.
LOG (nnet3-align-compiled[5.5.1058~1-dfd6c]:Collapse():nnet-utils.cc:1488) Added 1 components, removed 2
apply-cmvn --norm-means=false --norm-vars=false --utt2spk=ark:data/synthetic_gop/split8/5/utt2spk scp:data/synthetic_gop/split8/5/cmvn.scp scp:data/synthetic_gop/split8/5/feats.scp ark:- 
LOG (nnet3-align-compiled[5.5.1058~1-dfd6c]:CheckAndFixConfigs():nnet-am-decodable-simple.cc:294) Increasing --frames-per-chunk from 70 to 72 to make it a multiple of --frame-subsampling-factor=3
WARNING (nnet3-align-compiled[5.5.1058~1-dfd6c]:AlignUtteranceWrapper():decoder-wrappers.cc:617) Retrying utterance pc_4-b-3400_pc_4-b-34_kv_iitpowai_01092022-000000-1_EN-OL-RC-426_1 with beam 60
WARNING (nnet3-align-compiled[5.5.1058~1-dfd6c]:AlignUtteranceWrapper():decoder-wrappers.cc:617) Retrying utterance pk_4-b-4000_pk_4-b-40_kv_solapur_01092022-000000-1_EN-OL-RC-426_1 with beam 60
WARNING (nnet3-align-compiled[5.5.1058~1-dfd6c]:AlignUtteranceWrapper():decoder-wrappers.cc:617) Retrying utterance pm_4-a-3800_pm_4-a-38_kv_bhandupshift1_01092022-000000-1_EN-OL-RC-426_1 with beam 60
LOG (compile-train-graphs[5.5.1058~1-dfd6c]:main():compile-train-graphs.cc:147) compile-train-graphs: succeeded for 48 graphs, failed for 0
LOG (apply-cmvn[5.5.1058~1-dfd6c]:main():apply-cmvn.cc:81) Copied 48 utterances.
LOG (nnet3-align-compiled[5.5.1058~1-dfd6c]:main():nnet3-align-compiled.cc:198) Overall log-likelihood per frame is 1.19123 over 53456 frames.
LOG (nnet3-align-compiled[5.5.1058~1-dfd6c]:main():nnet3-align-compiled.cc:201) Retried 3 out of 48 utterances.
LOG (nnet3-align-compiled[5.5.1058~1-dfd6c]:main():nnet3-align-compiled.cc:203) Done 48, errors on 0
LOG (nnet3-align-compiled[5.5.1058~1-dfd6c]:~CachingOptimizingCompiler():nnet-optimize.cc:710) 0.224 seconds taken in nnet3 compilation total (breakdown: 0.154 compilation, 0.0411 optimization, 0 shortcut expansion, 0.00696 checking, 0.0104 computing indexes, 0.0111 misc.) + 0 I/O.
# Accounting: time=5 threads=1
# Ended (code 0) at Thu Mar 30 04:00:39 IST 2023, elapsed time 5 seconds
