# compile-train-graphs --read-disambig-syms=data/lang_phone_bg//phones/disambig.int data/gop_572_data_hires//ali/tree exp_jan_2_wpp//chain/tdnn/final.mdl data/lang_phone_bg//L.fst "ark:utils/sym2int.pl --map-oov 1 -f 2- data/lang_phone_bg//words.txt data/gop_572_data_hires//split4/3/text|" ark:- | nnet3-align-compiled --acoustic-scale=1.0 --transition-scale=1.0 --self-loop-scale=1.0 --online-ivectors=scp:data/gop_572_data_hires//ali/ivectors/ivector_online.scp --online-ivector-period=10 --frame-subsampling-factor=3 --frames-per-chunk=70 --extra-left-context=0 --extra-right-context=0 --extra-left-context-initial=0 --extra-right-context-final=0 --use-gpu=wait --beam=20 --retry-beam=60 --careful=true exp_jan_2_wpp//chain/tdnn/final.mdl ark:- "ark,s,cs:apply-cmvn --norm-means=false --norm-vars=false --utt2spk=ark:data/gop_572_data_hires//split4/3/utt2spk scp:data/gop_572_data_hires//split4/3/cmvn.scp scp:data/gop_572_data_hires//split4/3/feats.scp ark:- |" "ark:|gzip -c >data/gop_572_data_hires//ali/ali.3.gz" 
# Started at Fri May 19 17:33:50 IST 2023
#
compile-train-graphs --read-disambig-syms=data/lang_phone_bg//phones/disambig.int data/gop_572_data_hires//ali/tree exp_jan_2_wpp//chain/tdnn/final.mdl data/lang_phone_bg//L.fst 'ark:utils/sym2int.pl --map-oov 1 -f 2- data/lang_phone_bg//words.txt data/gop_572_data_hires//split4/3/text|' ark:- 
nnet3-align-compiled --acoustic-scale=1.0 --transition-scale=1.0 --self-loop-scale=1.0 --online-ivectors=scp:data/gop_572_data_hires//ali/ivectors/ivector_online.scp --online-ivector-period=10 --frame-subsampling-factor=3 --frames-per-chunk=70 --extra-left-context=0 --extra-right-context=0 --extra-left-context-initial=0 --extra-right-context-final=0 --use-gpu=wait --beam=20 --retry-beam=60 --careful=true exp_jan_2_wpp//chain/tdnn/final.mdl ark:- 'ark,s,cs:apply-cmvn --norm-means=false --norm-vars=false --utt2spk=ark:data/gop_572_data_hires//split4/3/utt2spk scp:data/gop_572_data_hires//split4/3/cmvn.scp scp:data/gop_572_data_hires//split4/3/feats.scp ark:- |' 'ark:|gzip -c >data/gop_572_data_hires//ali/ali.3.gz' 
WARNING (nnet3-align-compiled[5.5.1058~1-dfd6c]:SelectGpuId():cu-device.cc:229) Waited 0 seconds before creating CUDA context
WARNING (nnet3-align-compiled[5.5.1058~1-dfd6c]:SelectGpuId():cu-device.cc:243) Not in compute-exclusive mode.  Suggestion: use 'nvidia-smi -c 3' to set compute exclusive mode
LOG (nnet3-align-compiled[5.5.1058~1-dfd6c]:SelectGpuIdAuto():cu-device.cc:438) Selecting from 2 GPUs
LOG (nnet3-align-compiled[5.5.1058~1-dfd6c]:SelectGpuIdAuto():cu-device.cc:453) cudaSetDevice(0): GeForce RTX 2080 Ti	free:1770M, used:9249M, total:11019M, free/total:0.160625
LOG (nnet3-align-compiled[5.5.1058~1-dfd6c]:SelectGpuIdAuto():cu-device.cc:453) cudaSetDevice(1): GeForce RTX 2080 Ti	free:7504M, used:3511M, total:11016M, free/total:0.681211
LOG (nnet3-align-compiled[5.5.1058~1-dfd6c]:SelectGpuIdAuto():cu-device.cc:501) Device: 1, mem_ratio: 0.681211
LOG (nnet3-align-compiled[5.5.1058~1-dfd6c]:SelectGpuId():cu-device.cc:382) Trying to select device: 1
LOG (nnet3-align-compiled[5.5.1058~1-dfd6c]:SelectGpuIdAuto():cu-device.cc:511) Success selecting device 1 free mem ratio: 0.681211
LOG (nnet3-align-compiled[5.5.1058~1-dfd6c]:FinalizeActiveGpu():cu-device.cc:338) The active GPU is [1]: GeForce RTX 2080 Ti	free:9640M, used:1375M, total:11016M, free/total:0.875106 version 7.5
LOG (nnet3-align-compiled[5.5.1058~1-dfd6c]:RemoveOrphanNodes():nnet-nnet.cc:948) Removed 1 orphan nodes.
LOG (nnet3-align-compiled[5.5.1058~1-dfd6c]:RemoveOrphanComponents():nnet-nnet.cc:847) Removing 2 orphan components.
LOG (nnet3-align-compiled[5.5.1058~1-dfd6c]:Collapse():nnet-utils.cc:1488) Added 1 components, removed 2
apply-cmvn --norm-means=false --norm-vars=false --utt2spk=ark:data/gop_572_data_hires//split4/3/utt2spk scp:data/gop_572_data_hires//split4/3/cmvn.scp scp:data/gop_572_data_hires//split4/3/feats.scp ark:- 
LOG (nnet3-align-compiled[5.5.1058~1-dfd6c]:CheckAndFixConfigs():nnet-am-decodable-simple.cc:294) Increasing --frames-per-chunk from 70 to 72 to make it a multiple of --frame-subsampling-factor=3
WARNING (nnet3-align-compiled[5.5.1058~1-dfd6c]:AlignUtteranceWrapper():decoder-wrappers.cc:617) Retrying utterance mk_5-d-1_kv_iitpowai_01092022-000000-1_EN-OL-RC-538_2 with beam 60
WARNING (nnet3-align-compiled[5.5.1058~1-dfd6c]:AlignUtteranceWrapper():decoder-wrappers.cc:617) Retrying utterance nk_5-a-54_kv_dhule_01092022-000000-1_EN-OL-RC-538_1 with beam 60
WARNING (nnet3-align-compiled[5.5.1058~1-dfd6c]:AlignUtteranceWrapper():decoder-wrappers.cc:617) Retrying utterance ns_4-b-13_kv_bhandupshift1_01092022-000000-1_EN-OL-RC-426_2 with beam 60
WARNING (nnet3-align-compiled[5.5.1058~1-dfd6c]:AlignUtteranceWrapper():decoder-wrappers.cc:617) Retrying utterance ok_5-a-21_kv_solapur_01092022-000000-1_EN-OL-RC-538_2 with beam 60
WARNING (nnet3-align-compiled[5.5.1058~1-dfd6c]:AlignUtteranceWrapper():decoder-wrappers.cc:617) Retrying utterance pp_3-a-40_kv_dhule_01092022-000000-1_EN-OL-RC-234_2 with beam 60
WARNING (nnet3-align-compiled[5.5.1058~1-dfd6c]:AlignUtteranceWrapper():decoder-wrappers.cc:626) Did not successfully decode file pp_3-a-40_kv_dhule_01092022-000000-1_EN-OL-RC-234_2, len = 1980
WARNING (nnet3-align-compiled[5.5.1058~1-dfd6c]:AlignUtteranceWrapper():decoder-wrappers.cc:617) Retrying utterance ps_3-b-16_kv_iitpowai_01092022-000000-1_EN-OL-RC-234_2 with beam 60
WARNING (nnet3-align-compiled[5.5.1058~1-dfd6c]:AlignUtteranceWrapper():decoder-wrappers.cc:617) Retrying utterance rc_3-b-45_kv_aurangabadshift1_01092022-000000-1_EN-OL-RC-234_1 with beam 60
WARNING (nnet3-align-compiled[5.5.1058~1-dfd6c]:AlignUtteranceWrapper():decoder-wrappers.cc:617) Retrying utterance rd_4-b-8_kv_solapur_01092022-000000-1_EN-OL-RC-426_1 with beam 60
WARNING (nnet3-align-compiled[5.5.1058~1-dfd6c]:AlignUtteranceWrapper():decoder-wrappers.cc:617) Retrying utterance rp_5-a-53_kv_dhule_01092022-000000-1_EN-OL-RC-538_1 with beam 60
WARNING (nnet3-align-compiled[5.5.1058~1-dfd6c]:AlignUtteranceWrapper():decoder-wrappers.cc:617) Retrying utterance rs_3-a-42_kv_dhule_01092022-000000-1_EN-OL-RC-234_1 with beam 60
WARNING (nnet3-align-compiled[5.5.1058~1-dfd6c]:AlignUtteranceWrapper():decoder-wrappers.cc:626) Did not successfully decode file rs_3-a-42_kv_dhule_01092022-000000-1_EN-OL-RC-234_1, len = 1316
WARNING (nnet3-align-compiled[5.5.1058~1-dfd6c]:AlignUtteranceWrapper():decoder-wrappers.cc:617) Retrying utterance rs_5-b-48_kv_dhule_01092022-000000-1_EN-OL-RC-538_2 with beam 60
WARNING (nnet3-align-compiled[5.5.1058~1-dfd6c]:AlignUtteranceWrapper():decoder-wrappers.cc:617) Retrying utterance rs_5-d-11_kv_iitpowai_01092022-000000-1_EN-OL-RC-538_2 with beam 60
WARNING (nnet3-align-compiled[5.5.1058~1-dfd6c]:AlignUtteranceWrapper():decoder-wrappers.cc:617) Retrying utterance sa_4-a-44_kv_bhandupshift1_01092022-000000-1_EN-OL-RC-426_2 with beam 60
WARNING (nnet3-align-compiled[5.5.1058~1-dfd6c]:AlignUtteranceWrapper():decoder-wrappers.cc:617) Retrying utterance sb_4-a-16_kv_iitpowai_01092022-000000-1_EN-OL-RC-426_2 with beam 60
WARNING (nnet3-align-compiled[5.5.1058~1-dfd6c]:AlignUtteranceWrapper():decoder-wrappers.cc:617) Retrying utterance sb_5-c-14_kv_aurangabadshift2_01092022-000000-1_EN-OL-RC-538_1 with beam 60
WARNING (nnet3-align-compiled[5.5.1058~1-dfd6c]:AlignUtteranceWrapper():decoder-wrappers.cc:617) Retrying utterance sc_4-b-41_kv_iitpowai_01092022-000000-1_EN-OL-RC-426_2 with beam 60
WARNING (nnet3-align-compiled[5.5.1058~1-dfd6c]:AlignUtteranceWrapper():decoder-wrappers.cc:617) Retrying utterance sd_4-b-29_kv_aurangabadshift2_01092022-000000-1_EN-OL-RC-426_1 with beam 60
WARNING (nnet3-align-compiled[5.5.1058~1-dfd6c]:AlignUtteranceWrapper():decoder-wrappers.cc:626) Did not successfully decode file sd_4-b-29_kv_aurangabadshift2_01092022-000000-1_EN-OL-RC-426_1, len = 1993
WARNING (nnet3-align-compiled[5.5.1058~1-dfd6c]:AlignUtteranceWrapper():decoder-wrappers.cc:617) Retrying utterance sd_5-b-39_kv_bhandupshift1_01092022-000000-1_EN-OL-RC-538_2 with beam 60
WARNING (nnet3-align-compiled[5.5.1058~1-dfd6c]:AlignUtteranceWrapper():decoder-wrappers.cc:617) Retrying utterance sg_4-d-50_kv_iitpowai_01092022-000000-1_EN-OL-RC-426_2 with beam 60
WARNING (nnet3-align-compiled[5.5.1058~1-dfd6c]:AlignUtteranceWrapper():decoder-wrappers.cc:617) Retrying utterance sg_5-a-10_kv_dhule_01092022-000000-1_EN-OL-RC-538_1 with beam 60
LOG (compile-train-graphs[5.5.1058~1-dfd6c]:main():compile-train-graphs.cc:147) compile-train-graphs: succeeded for 142 graphs, failed for 0
WARNING (nnet3-align-compiled[5.5.1058~1-dfd6c]:AlignUtteranceWrapper():decoder-wrappers.cc:617) Retrying utterance sj_3-c-25_kv_aurangabadshift1_01092022-000000-1_EN-OL-RC-234_2 with beam 60
WARNING (nnet3-align-compiled[5.5.1058~1-dfd6c]:AlignUtteranceWrapper():decoder-wrappers.cc:617) Retrying utterance sj_3-d-17_kv_iitpowai_01092022-000000-1_EN-OL-RC-234_1 with beam 60
LOG (apply-cmvn[5.5.1058~1-dfd6c]:main():apply-cmvn.cc:81) Copied 142 utterances.
LOG (nnet3-align-compiled[5.5.1058~1-dfd6c]:main():nnet3-align-compiled.cc:198) Overall log-likelihood per frame is 0.914845 over 171137 frames.
LOG (nnet3-align-compiled[5.5.1058~1-dfd6c]:main():nnet3-align-compiled.cc:201) Retried 22 out of 142 utterances.
LOG (nnet3-align-compiled[5.5.1058~1-dfd6c]:main():nnet3-align-compiled.cc:203) Done 139, errors on 3
LOG (nnet3-align-compiled[5.5.1058~1-dfd6c]:~CachingOptimizingCompiler():nnet-optimize.cc:710) 0.533 seconds taken in nnet3 compilation total (breakdown: 0.359 compilation, 0.0769 optimization, 0 shortcut expansion, 0.0152 checking, 0.0115 computing indexes, 0.0701 misc.) + 0 I/O.
# Accounting: time=19 threads=1
# Ended (code 0) at Fri May 19 17:34:09 IST 2023, elapsed time 19 seconds
