# set -o pipefail && linear-to-nbest "ark:gunzip -c data/gop_examples_free_phone/alignments/ali.1.gz|" "ark:utils/sym2int.pl --map-oov 1 -f 2- /media/run/kaldi/egs/iitm_baseline/English_ASR_Challenge/asr/data/lang_free_phone_loop//words.txt < data/gop_examples_free_phone/split2/1/text |" "" "" ark:- | lattice-align-phones --replace-output-symbols=true data/gop_examples_free_phone/alignments/final.mdl ark:- ark:- | lattice-to-phone-lattice data/gop_examples_free_phone/alignments/final.mdl ark:- ark:- | lattice-1best ark:- ark:- | nbest-to-ctm --frame-shift=0.03 --print-silence=false ark:- - | utils/int2sym.pl -f 5 /media/run/kaldi/egs/iitm_baseline/English_ASR_Challenge/asr/data/lang_free_phone_loop//phones.txt | gzip -c > data/gop_examples_free_phone/alignments/ali/phone_ctm.1.gz 
# Started at Wed Feb 22 16:32:13 IST 2023
#
lattice-align-phones --replace-output-symbols=true data/gop_examples_free_phone/alignments/final.mdl ark:- ark:- 
linear-to-nbest 'ark:gunzip -c data/gop_examples_free_phone/alignments/ali.1.gz|' 'ark:utils/sym2int.pl --map-oov 1 -f 2- /media/run/kaldi/egs/iitm_baseline/English_ASR_Challenge/asr/data/lang_free_phone_loop//words.txt < data/gop_examples_free_phone/split2/1/text |' '' '' ark:- 
lattice-to-phone-lattice data/gop_examples_free_phone/alignments/final.mdl ark:- ark:- 
nbest-to-ctm --frame-shift=0.03 --print-silence=false ark:- - 
lattice-1best ark:- ark:- 
sym2int.pl: replacing AA_R with 1
sym2int.pl: replacing F_AW_N_D with 1
sym2int.pl: replacing IH_N with 1
sym2int.pl: replacing Y_UH_R_OW_P with 1
sym2int.pl: replacing EY_SH_IH_K_AA with 1
sym2int.pl: replacing AE_F_R_IH_K with 1
sym2int.pl: replacing AE_N_D with 1
sym2int.pl: replacing AH_M_AH_R_IH_K_AA with 1
sym2int.pl: replacing DH_EY with 1
sym2int.pl: replacing HH_AE_V with 1
sym2int.pl: replacing B_IH_G with 1
sym2int.pl: replacing B_AO_D_IY_Z with 1
sym2int.pl: replacing W_IH_DH with 1
sym2int.pl: replacing SH_AO_T with 1
sym2int.pl: replacing T_EY_L_S with 1
sym2int.pl: replacing AE_N_D with 1
sym2int.pl: replacing TH_IH_K with 1
sym2int.pl: replacing L_EH_G_Z with 1
sym2int.pl: replacing P_OW_L_AA_R with 1
sym2int.pl: replacing B_EY_AH_R_Z with 1
sym2int.pl: not warning for OOVs any more times
** Replaced 274 instances of OOVs with 1
LOG (linear-to-nbest[5.5.1058~1-dfd6c]:main():linear-to-nbest.cc:130) Done 6 n-best entries ,0 had errors.
LOG (lattice-align-phones[5.5.1058~1-dfd6c]:main():lattice-align-phones.cc:105) Successfully aligned 6 lattices; 0 had errors.
LOG (lattice-to-phone-lattice[5.5.1058~1-dfd6c]:main():lattice-to-phone-lattice.cc:94) Done converting 6 lattices.
LOG (lattice-1best[5.5.1058~1-dfd6c]:main():lattice-1best.cc:103) Done converting 6 to best path, 0 had errors.
LOG (nbest-to-ctm[5.5.1058~1-dfd6c]:main():nbest-to-ctm.cc:119) Converted 6 linear lattices to ctm format; 0 had errors.
# Accounting: time=0 threads=1
# Ended (code 0) at Wed Feb 22 16:32:13 IST 2023, elapsed time 0 seconds
